# project ns (3-dev) configured on Fri Jan 12 09:20:29 2018 by
# waf 1.8.19 (abi 98, python 2070af0 on darwin)
# using ./waf configure --enable-examples --disable-python
#
----------------------------------------
Setting top to
/Users/srene/workspace/ndnSIM
----------------------------------------
Setting out to
/Users/srene/workspace/ndnSIM/build
----------------------------------------
Checking for 'clang' (C compiler)
find program=['clang'] paths=['/usr/local/bin', '/usr/bin', '/bin', '/usr/sbin', '/sbin', '/Applications/VMware Fusion.app/Contents/Public', '/Users/srene/Library/Android/sdk/platform-tools/'] var='CC' -> ['/usr/bin/clang']
['/usr/bin/clang', '-dM', '-E', '-']
out: #define OBJC_NEW_PROPERTIES 1
#define _LP64 1
#define __APPLE_CC__ 6000
#define __APPLE__ 1
#define __ATOMIC_ACQUIRE 2
#define __ATOMIC_ACQ_REL 4
#define __ATOMIC_CONSUME 1
#define __ATOMIC_RELAXED 0
#define __ATOMIC_RELEASE 3
#define __ATOMIC_SEQ_CST 5
#define __BIGGEST_ALIGNMENT__ 16
#define __BLOCKS__ 1
#define __BYTE_ORDER__ __ORDER_LITTLE_ENDIAN__
#define __CHAR16_TYPE__ unsigned short
#define __CHAR32_TYPE__ unsigned int
#define __CHAR_BIT__ 8
#define __CONSTANT_CFSTRINGS__ 1
#define __DBL_DECIMAL_DIG__ 17
#define __DBL_DENORM_MIN__ 4.9406564584124654e-324
#define __DBL_DIG__ 15
#define __DBL_EPSILON__ 2.2204460492503131e-16
#define __DBL_HAS_DENORM__ 1
#define __DBL_HAS_INFINITY__ 1
#define __DBL_HAS_QUIET_NAN__ 1
#define __DBL_MANT_DIG__ 53
#define __DBL_MAX_10_EXP__ 308
#define __DBL_MAX_EXP__ 1024
#define __DBL_MAX__ 1.7976931348623157e+308
#define __DBL_MIN_10_EXP__ (-307)
#define __DBL_MIN_EXP__ (-1021)
#define __DBL_MIN__ 2.2250738585072014e-308
#define __DECIMAL_DIG__ __LDBL_DECIMAL_DIG__
#define __DYNAMIC__ 1
#define __ENVIRONMENT_MAC_OS_X_VERSION_MIN_REQUIRED__ 101300
#define __FINITE_MATH_ONLY__ 0
#define __FLT_DECIMAL_DIG__ 9
#define __FLT_DENORM_MIN__ 1.40129846e-45F
#define __FLT_DIG__ 6
#define __FLT_EPSILON__ 1.19209290e-7F
#define __FLT_EVAL_METHOD__ 0
#define __FLT_HAS_DENORM__ 1
#define __FLT_HAS_INFINITY__ 1
#define __FLT_HAS_QUIET_NAN__ 1
#define __FLT_MANT_DIG__ 24
#define __FLT_MAX_10_EXP__ 38
#define __FLT_MAX_EXP__ 128
#define __FLT_MAX__ 3.40282347e+38F
#define __FLT_MIN_10_EXP__ (-37)
#define __FLT_MIN_EXP__ (-125)
#define __FLT_MIN__ 1.17549435e-38F
#define __FLT_RADIX__ 2
#define __FXSR__ 1
#define __GCC_ATOMIC_BOOL_LOCK_FREE 2
#define __GCC_ATOMIC_CHAR16_T_LOCK_FREE 2
#define __GCC_ATOMIC_CHAR32_T_LOCK_FREE 2
#define __GCC_ATOMIC_CHAR_LOCK_FREE 2
#define __GCC_ATOMIC_INT_LOCK_FREE 2
#define __GCC_ATOMIC_LLONG_LOCK_FREE 2
#define __GCC_ATOMIC_LONG_LOCK_FREE 2
#define __GCC_ATOMIC_POINTER_LOCK_FREE 2
#define __GCC_ATOMIC_SHORT_LOCK_FREE 2
#define __GCC_ATOMIC_TEST_AND_SET_TRUEVAL 1
#define __GCC_ATOMIC_WCHAR_T_LOCK_FREE 2
#define __GCC_HAVE_SYNC_COMPARE_AND_SWAP_1 1
#define __GCC_HAVE_SYNC_COMPARE_AND_SWAP_16 1
#define __GCC_HAVE_SYNC_COMPARE_AND_SWAP_2 1
#define __GCC_HAVE_SYNC_COMPARE_AND_SWAP_4 1
#define __GCC_HAVE_SYNC_COMPARE_AND_SWAP_8 1
#define __GNUC_MINOR__ 2
#define __GNUC_PATCHLEVEL__ 1
#define __GNUC_STDC_INLINE__ 1
#define __GNUC__ 4
#define __GXX_ABI_VERSION 1002
#define __INT16_C_SUFFIX__ 
#define __INT16_FMTd__ "hd"
#define __INT16_FMTi__ "hi"
#define __INT16_MAX__ 32767
#define __INT16_TYPE__ short
#define __INT32_C_SUFFIX__ 
#define __INT32_FMTd__ "d"
#define __INT32_FMTi__ "i"
#define __INT32_MAX__ 2147483647
#define __INT32_TYPE__ int
#define __INT64_C_SUFFIX__ LL
#define __INT64_FMTd__ "lld"
#define __INT64_FMTi__ "lli"
#define __INT64_MAX__ 9223372036854775807LL
#define __INT64_TYPE__ long long int
#define __INT8_C_SUFFIX__ 
#define __INT8_FMTd__ "hhd"
#define __INT8_FMTi__ "hhi"
#define __INT8_MAX__ 127
#define __INT8_TYPE__ signed char
#define __INTMAX_C_SUFFIX__ L
#define __INTMAX_FMTd__ "ld"
#define __INTMAX_FMTi__ "li"
#define __INTMAX_MAX__ 9223372036854775807L
#define __INTMAX_TYPE__ long int
#define __INTMAX_WIDTH__ 64
#define __INTPTR_FMTd__ "ld"
#define __INTPTR_FMTi__ "li"
#define __INTPTR_MAX__ 9223372036854775807L
#define __INTPTR_TYPE__ long int
#define __INTPTR_WIDTH__ 64
#define __INT_FAST16_FMTd__ "hd"
#define __INT_FAST16_FMTi__ "hi"
#define __INT_FAST16_MAX__ 32767
#define __INT_FAST16_TYPE__ short
#define __INT_FAST32_FMTd__ "d"
#define __INT_FAST32_FMTi__ "i"
#define __INT_FAST32_MAX__ 2147483647
#define __INT_FAST32_TYPE__ int
#define __INT_FAST64_FMTd__ "ld"
#define __INT_FAST64_FMTi__ "li"
#define __INT_FAST64_MAX__ 9223372036854775807L
#define __INT_FAST64_TYPE__ long int
#define __INT_FAST8_FMTd__ "hhd"
#define __INT_FAST8_FMTi__ "hhi"
#define __INT_FAST8_MAX__ 127
#define __INT_FAST8_TYPE__ signed char
#define __INT_LEAST16_FMTd__ "hd"
#define __INT_LEAST16_FMTi__ "hi"
#define __INT_LEAST16_MAX__ 32767
#define __INT_LEAST16_TYPE__ short
#define __INT_LEAST32_FMTd__ "d"
#define __INT_LEAST32_FMTi__ "i"
#define __INT_LEAST32_MAX__ 2147483647
#define __INT_LEAST32_TYPE__ int
#define __INT_LEAST64_FMTd__ "ld"
#define __INT_LEAST64_FMTi__ "li"
#define __INT_LEAST64_MAX__ 9223372036854775807L
#define __INT_LEAST64_TYPE__ long int
#define __INT_LEAST8_FMTd__ "hhd"
#define __INT_LEAST8_FMTi__ "hhi"
#define __INT_LEAST8_MAX__ 127
#define __INT_LEAST8_TYPE__ signed char
#define __INT_MAX__ 2147483647
#define __LDBL_DECIMAL_DIG__ 21
#define __LDBL_DENORM_MIN__ 3.64519953188247460253e-4951L
#define __LDBL_DIG__ 18
#define __LDBL_EPSILON__ 1.08420217248550443401e-19L
#define __LDBL_HAS_DENORM__ 1
#define __LDBL_HAS_INFINITY__ 1
#define __LDBL_HAS_QUIET_NAN__ 1
#define __LDBL_MANT_DIG__ 64
#define __LDBL_MAX_10_EXP__ 4932
#define __LDBL_MAX_EXP__ 16384
#define __LDBL_MAX__ 1.18973149535723176502e+4932L
#define __LDBL_MIN_10_EXP__ (-4931)
#define __LDBL_MIN_EXP__ (-16381)
#define __LDBL_MIN__ 3.36210314311209350626e-4932L
#define __LITTLE_ENDIAN__ 1
#define __LONG_LONG_MAX__ 9223372036854775807LL
#define __LONG_MAX__ 9223372036854775807L
#define __LP64__ 1
#define __MACH__ 1
#define __MMX__ 1
#define __NO_INLINE__ 1
#define __NO_MATH_INLINES 1
#define __OBJC_BOOL_IS_BOOL 0
#define __ORDER_BIG_ENDIAN__ 4321
#define __ORDER_LITTLE_ENDIAN__ 1234
#define __ORDER_PDP_ENDIAN__ 3412
#define __PIC__ 2
#define __POINTER_WIDTH__ 64
#define __PRAGMA_REDEFINE_EXTNAME 1
#define __PTRDIFF_FMTd__ "ld"
#define __PTRDIFF_FMTi__ "li"
#define __PTRDIFF_MAX__ 9223372036854775807L
#define __PTRDIFF_TYPE__ long int
#define __PTRDIFF_WIDTH__ 64
#define __REGISTER_PREFIX__ 
#define __SCHAR_MAX__ 127
#define __SHRT_MAX__ 32767
#define __SIG_ATOMIC_MAX__ 2147483647
#define __SIG_ATOMIC_WIDTH__ 32
#define __SIZEOF_DOUBLE__ 8
#define __SIZEOF_FLOAT__ 4
#define __SIZEOF_INT128__ 16
#define __SIZEOF_INT__ 4
#define __SIZEOF_LONG_DOUBLE__ 16
#define __SIZEOF_LONG_LONG__ 8
#define __SIZEOF_LONG__ 8
#define __SIZEOF_POINTER__ 8
#define __SIZEOF_PTRDIFF_T__ 8
#define __SIZEOF_SHORT__ 2
#define __SIZEOF_SIZE_T__ 8
#define __SIZEOF_WCHAR_T__ 4
#define __SIZEOF_WINT_T__ 4
#define __SIZE_FMTX__ "lX"
#define __SIZE_FMTo__ "lo"
#define __SIZE_FMTu__ "lu"
#define __SIZE_FMTx__ "lx"
#define __SIZE_MAX__ 18446744073709551615UL
#define __SIZE_TYPE__ long unsigned int
#define __SIZE_WIDTH__ 64
#define __SSE2_MATH__ 1
#define __SSE2__ 1
#define __SSE3__ 1
#define __SSE4_1__ 1
#define __SSE_MATH__ 1
#define __SSE__ 1
#define __SSP__ 1
#define __SSSE3__ 1
#define __STDC_HOSTED__ 1
#define __STDC_NO_THREADS__ 1
#define __STDC_UTF_16__ 1
#define __STDC_UTF_32__ 1
#define __STDC_VERSION__ 201112L
#define __STDC__ 1
#define __UINT16_C_SUFFIX__ 
#define __UINT16_FMTX__ "hX"
#define __UINT16_FMTo__ "ho"
#define __UINT16_FMTu__ "hu"
#define __UINT16_FMTx__ "hx"
#define __UINT16_MAX__ 65535
#define __UINT16_TYPE__ unsigned short
#define __UINT32_C_SUFFIX__ U
#define __UINT32_FMTX__ "X"
#define __UINT32_FMTo__ "o"
#define __UINT32_FMTu__ "u"
#define __UINT32_FMTx__ "x"
#define __UINT32_MAX__ 4294967295U
#define __UINT32_TYPE__ unsigned int
#define __UINT64_C_SUFFIX__ ULL
#define __UINT64_FMTX__ "llX"
#define __UINT64_FMTo__ "llo"
#define __UINT64_FMTu__ "llu"
#define __UINT64_FMTx__ "llx"
#define __UINT64_MAX__ 18446744073709551615ULL
#define __UINT64_TYPE__ long long unsigned int
#define __UINT8_C_SUFFIX__ 
#define __UINT8_FMTX__ "hhX"
#define __UINT8_FMTo__ "hho"
#define __UINT8_FMTu__ "hhu"
#define __UINT8_FMTx__ "hhx"
#define __UINT8_MAX__ 255
#define __UINT8_TYPE__ unsigned char
#define __UINTMAX_C_SUFFIX__ UL
#define __UINTMAX_FMTX__ "lX"
#define __UINTMAX_FMTo__ "lo"
#define __UINTMAX_FMTu__ "lu"
#define __UINTMAX_FMTx__ "lx"
#define __UINTMAX_MAX__ 18446744073709551615UL
#define __UINTMAX_TYPE__ long unsigned int
#define __UINTMAX_WIDTH__ 64
#define __UINTPTR_FMTX__ "lX"
#define __UINTPTR_FMTo__ "lo"
#define __UINTPTR_FMTu__ "lu"
#define __UINTPTR_FMTx__ "lx"
#define __UINTPTR_MAX__ 18446744073709551615UL
#define __UINTPTR_TYPE__ long unsigned int
#define __UINTPTR_WIDTH__ 64
#define __UINT_FAST16_FMTX__ "hX"
#define __UINT_FAST16_FMTo__ "ho"
#define __UINT_FAST16_FMTu__ "hu"
#define __UINT_FAST16_FMTx__ "hx"
#define __UINT_FAST16_MAX__ 65535
#define __UINT_FAST16_TYPE__ unsigned short
#define __UINT_FAST32_FMTX__ "X"
#define __UINT_FAST32_FMTo__ "o"
#define __UINT_FAST32_FMTu__ "u"
#define __UINT_FAST32_FMTx__ "x"
#define __UINT_FAST32_MAX__ 4294967295U
#define __UINT_FAST32_TYPE__ unsigned int
#define __UINT_FAST64_FMTX__ "lX"
#define __UINT_FAST64_FMTo__ "lo"
#define __UINT_FAST64_FMTu__ "lu"
#define __UINT_FAST64_FMTx__ "lx"
#define __UINT_FAST64_MAX__ 18446744073709551615UL
#define __UINT_FAST64_TYPE__ long unsigned int
#define __UINT_FAST8_FMTX__ "hhX"
#define __UINT_FAST8_FMTo__ "hho"
#define __UINT_FAST8_FMTu__ "hhu"
#define __UINT_FAST8_FMTx__ "hhx"
#define __UINT_FAST8_MAX__ 255
#define __UINT_FAST8_TYPE__ unsigned char
#define __UINT_LEAST16_FMTX__ "hX"
#define __UINT_LEAST16_FMTo__ "ho"
#define __UINT_LEAST16_FMTu__ "hu"
#define __UINT_LEAST16_FMTx__ "hx"
#define __UINT_LEAST16_MAX__ 65535
#define __UINT_LEAST16_TYPE__ unsigned short
#define __UINT_LEAST32_FMTX__ "X"
#define __UINT_LEAST32_FMTo__ "o"
#define __UINT_LEAST32_FMTu__ "u"
#define __UINT_LEAST32_FMTx__ "x"
#define __UINT_LEAST32_MAX__ 4294967295U
#define __UINT_LEAST32_TYPE__ unsigned int
#define __UINT_LEAST64_FMTX__ "lX"
#define __UINT_LEAST64_FMTo__ "lo"
#define __UINT_LEAST64_FMTu__ "lu"
#define __UINT_LEAST64_FMTx__ "lx"
#define __UINT_LEAST64_MAX__ 18446744073709551615UL
#define __UINT_LEAST64_TYPE__ long unsigned int
#define __UINT_LEAST8_FMTX__ "hhX"
#define __UINT_LEAST8_FMTo__ "hho"
#define __UINT_LEAST8_FMTu__ "hhu"
#define __UINT_LEAST8_FMTx__ "hhx"
#define __UINT_LEAST8_MAX__ 255
#define __UINT_LEAST8_TYPE__ unsigned char
#define __USER_LABEL_PREFIX__ _
#define __VERSION__ "4.2.1 Compatible Apple LLVM 9.0.0 (clang-900.0.39.2)"
#define __WCHAR_MAX__ 2147483647
#define __WCHAR_TYPE__ int
#define __WCHAR_WIDTH__ 32
#define __WINT_TYPE__ int
#define __WINT_WIDTH__ 32
#define __amd64 1
#define __amd64__ 1
#define __apple_build_version__ 9000039
#define __block __attribute__((__blocks__(byref)))
#define __clang__ 1
#define __clang_major__ 9
#define __clang_minor__ 0
#define __clang_patchlevel__ 0
#define __clang_version__ "9.0.0 (clang-900.0.39.2)"
#define __core2 1
#define __core2__ 1
#define __llvm__ 1
#define __nonnull _Nonnull
#define __null_unspecified _Null_unspecified
#define __nullable _Nullable
#define __pic__ 2
#define __strong 
#define __tune_core2__ 1
#define __unsafe_unretained 
#define __weak __attribute__((objc_gc(weak)))
#define __x86_64 1
#define __x86_64__ 1

find program=['llvm-ar', 'ar'] paths=['/usr/local/bin', '/usr/bin', '/bin', '/usr/sbin', '/sbin', '/Applications/VMware Fusion.app/Contents/Public', '/Users/srene/Library/Android/sdk/platform-tools/'] var='AR' -> ['/usr/bin/ar']
find program=['ar'] paths=['/usr/local/bin', '/usr/bin', '/bin', '/usr/sbin', '/sbin', '/Applications/VMware Fusion.app/Contents/Public', '/Users/srene/Library/Android/sdk/platform-tools/'] var='AR' -> ['/usr/bin/ar']
/usr/bin/clang
----------------------------------------
Checking for cc version
9.0.0
----------------------------------------
Checking for 'clang++' (C++ compiler)
find program=['clang++'] paths=['/usr/local/bin', '/usr/bin', '/bin', '/usr/sbin', '/sbin', '/Applications/VMware Fusion.app/Contents/Public', '/Users/srene/Library/Android/sdk/platform-tools/'] var='CXX' -> ['/usr/bin/clang++']
['/usr/bin/clang++', '-dM', '-E', '-']
out: #define OBJC_NEW_PROPERTIES 1
#define _LP64 1
#define __APPLE_CC__ 6000
#define __APPLE__ 1
#define __ATOMIC_ACQUIRE 2
#define __ATOMIC_ACQ_REL 4
#define __ATOMIC_CONSUME 1
#define __ATOMIC_RELAXED 0
#define __ATOMIC_RELEASE 3
#define __ATOMIC_SEQ_CST 5
#define __BIGGEST_ALIGNMENT__ 16
#define __BLOCKS__ 1
#define __BYTE_ORDER__ __ORDER_LITTLE_ENDIAN__
#define __CHAR16_TYPE__ unsigned short
#define __CHAR32_TYPE__ unsigned int
#define __CHAR_BIT__ 8
#define __CONSTANT_CFSTRINGS__ 1
#define __DBL_DECIMAL_DIG__ 17
#define __DBL_DENORM_MIN__ 4.9406564584124654e-324
#define __DBL_DIG__ 15
#define __DBL_EPSILON__ 2.2204460492503131e-16
#define __DBL_HAS_DENORM__ 1
#define __DBL_HAS_INFINITY__ 1
#define __DBL_HAS_QUIET_NAN__ 1
#define __DBL_MANT_DIG__ 53
#define __DBL_MAX_10_EXP__ 308
#define __DBL_MAX_EXP__ 1024
#define __DBL_MAX__ 1.7976931348623157e+308
#define __DBL_MIN_10_EXP__ (-307)
#define __DBL_MIN_EXP__ (-1021)
#define __DBL_MIN__ 2.2250738585072014e-308
#define __DECIMAL_DIG__ __LDBL_DECIMAL_DIG__
#define __DYNAMIC__ 1
#define __ENVIRONMENT_MAC_OS_X_VERSION_MIN_REQUIRED__ 101300
#define __FINITE_MATH_ONLY__ 0
#define __FLT_DECIMAL_DIG__ 9
#define __FLT_DENORM_MIN__ 1.40129846e-45F
#define __FLT_DIG__ 6
#define __FLT_EPSILON__ 1.19209290e-7F
#define __FLT_EVAL_METHOD__ 0
#define __FLT_HAS_DENORM__ 1
#define __FLT_HAS_INFINITY__ 1
#define __FLT_HAS_QUIET_NAN__ 1
#define __FLT_MANT_DIG__ 24
#define __FLT_MAX_10_EXP__ 38
#define __FLT_MAX_EXP__ 128
#define __FLT_MAX__ 3.40282347e+38F
#define __FLT_MIN_10_EXP__ (-37)
#define __FLT_MIN_EXP__ (-125)
#define __FLT_MIN__ 1.17549435e-38F
#define __FLT_RADIX__ 2
#define __FXSR__ 1
#define __GCC_ATOMIC_BOOL_LOCK_FREE 2
#define __GCC_ATOMIC_CHAR16_T_LOCK_FREE 2
#define __GCC_ATOMIC_CHAR32_T_LOCK_FREE 2
#define __GCC_ATOMIC_CHAR_LOCK_FREE 2
#define __GCC_ATOMIC_INT_LOCK_FREE 2
#define __GCC_ATOMIC_LLONG_LOCK_FREE 2
#define __GCC_ATOMIC_LONG_LOCK_FREE 2
#define __GCC_ATOMIC_POINTER_LOCK_FREE 2
#define __GCC_ATOMIC_SHORT_LOCK_FREE 2
#define __GCC_ATOMIC_TEST_AND_SET_TRUEVAL 1
#define __GCC_ATOMIC_WCHAR_T_LOCK_FREE 2
#define __GCC_HAVE_SYNC_COMPARE_AND_SWAP_1 1
#define __GCC_HAVE_SYNC_COMPARE_AND_SWAP_16 1
#define __GCC_HAVE_SYNC_COMPARE_AND_SWAP_2 1
#define __GCC_HAVE_SYNC_COMPARE_AND_SWAP_4 1
#define __GCC_HAVE_SYNC_COMPARE_AND_SWAP_8 1
#define __GNUC_MINOR__ 2
#define __GNUC_PATCHLEVEL__ 1
#define __GNUC_STDC_INLINE__ 1
#define __GNUC__ 4
#define __GXX_ABI_VERSION 1002
#define __INT16_C_SUFFIX__ 
#define __INT16_FMTd__ "hd"
#define __INT16_FMTi__ "hi"
#define __INT16_MAX__ 32767
#define __INT16_TYPE__ short
#define __INT32_C_SUFFIX__ 
#define __INT32_FMTd__ "d"
#define __INT32_FMTi__ "i"
#define __INT32_MAX__ 2147483647
#define __INT32_TYPE__ int
#define __INT64_C_SUFFIX__ LL
#define __INT64_FMTd__ "lld"
#define __INT64_FMTi__ "lli"
#define __INT64_MAX__ 9223372036854775807LL
#define __INT64_TYPE__ long long int
#define __INT8_C_SUFFIX__ 
#define __INT8_FMTd__ "hhd"
#define __INT8_FMTi__ "hhi"
#define __INT8_MAX__ 127
#define __INT8_TYPE__ signed char
#define __INTMAX_C_SUFFIX__ L
#define __INTMAX_FMTd__ "ld"
#define __INTMAX_FMTi__ "li"
#define __INTMAX_MAX__ 9223372036854775807L
#define __INTMAX_TYPE__ long int
#define __INTMAX_WIDTH__ 64
#define __INTPTR_FMTd__ "ld"
#define __INTPTR_FMTi__ "li"
#define __INTPTR_MAX__ 9223372036854775807L
#define __INTPTR_TYPE__ long int
#define __INTPTR_WIDTH__ 64
#define __INT_FAST16_FMTd__ "hd"
#define __INT_FAST16_FMTi__ "hi"
#define __INT_FAST16_MAX__ 32767
#define __INT_FAST16_TYPE__ short
#define __INT_FAST32_FMTd__ "d"
#define __INT_FAST32_FMTi__ "i"
#define __INT_FAST32_MAX__ 2147483647
#define __INT_FAST32_TYPE__ int
#define __INT_FAST64_FMTd__ "ld"
#define __INT_FAST64_FMTi__ "li"
#define __INT_FAST64_MAX__ 9223372036854775807L
#define __INT_FAST64_TYPE__ long int
#define __INT_FAST8_FMTd__ "hhd"
#define __INT_FAST8_FMTi__ "hhi"
#define __INT_FAST8_MAX__ 127
#define __INT_FAST8_TYPE__ signed char
#define __INT_LEAST16_FMTd__ "hd"
#define __INT_LEAST16_FMTi__ "hi"
#define __INT_LEAST16_MAX__ 32767
#define __INT_LEAST16_TYPE__ short
#define __INT_LEAST32_FMTd__ "d"
#define __INT_LEAST32_FMTi__ "i"
#define __INT_LEAST32_MAX__ 2147483647
#define __INT_LEAST32_TYPE__ int
#define __INT_LEAST64_FMTd__ "ld"
#define __INT_LEAST64_FMTi__ "li"
#define __INT_LEAST64_MAX__ 9223372036854775807L
#define __INT_LEAST64_TYPE__ long int
#define __INT_LEAST8_FMTd__ "hhd"
#define __INT_LEAST8_FMTi__ "hhi"
#define __INT_LEAST8_MAX__ 127
#define __INT_LEAST8_TYPE__ signed char
#define __INT_MAX__ 2147483647
#define __LDBL_DECIMAL_DIG__ 21
#define __LDBL_DENORM_MIN__ 3.64519953188247460253e-4951L
#define __LDBL_DIG__ 18
#define __LDBL_EPSILON__ 1.08420217248550443401e-19L
#define __LDBL_HAS_DENORM__ 1
#define __LDBL_HAS_INFINITY__ 1
#define __LDBL_HAS_QUIET_NAN__ 1
#define __LDBL_MANT_DIG__ 64
#define __LDBL_MAX_10_EXP__ 4932
#define __LDBL_MAX_EXP__ 16384
#define __LDBL_MAX__ 1.18973149535723176502e+4932L
#define __LDBL_MIN_10_EXP__ (-4931)
#define __LDBL_MIN_EXP__ (-16381)
#define __LDBL_MIN__ 3.36210314311209350626e-4932L
#define __LITTLE_ENDIAN__ 1
#define __LONG_LONG_MAX__ 9223372036854775807LL
#define __LONG_MAX__ 9223372036854775807L
#define __LP64__ 1
#define __MACH__ 1
#define __MMX__ 1
#define __NO_INLINE__ 1
#define __NO_MATH_INLINES 1
#define __OBJC_BOOL_IS_BOOL 0
#define __ORDER_BIG_ENDIAN__ 4321
#define __ORDER_LITTLE_ENDIAN__ 1234
#define __ORDER_PDP_ENDIAN__ 3412
#define __PIC__ 2
#define __POINTER_WIDTH__ 64
#define __PRAGMA_REDEFINE_EXTNAME 1
#define __PTRDIFF_FMTd__ "ld"
#define __PTRDIFF_FMTi__ "li"
#define __PTRDIFF_MAX__ 9223372036854775807L
#define __PTRDIFF_TYPE__ long int
#define __PTRDIFF_WIDTH__ 64
#define __REGISTER_PREFIX__ 
#define __SCHAR_MAX__ 127
#define __SHRT_MAX__ 32767
#define __SIG_ATOMIC_MAX__ 2147483647
#define __SIG_ATOMIC_WIDTH__ 32
#define __SIZEOF_DOUBLE__ 8
#define __SIZEOF_FLOAT__ 4
#define __SIZEOF_INT128__ 16
#define __SIZEOF_INT__ 4
#define __SIZEOF_LONG_DOUBLE__ 16
#define __SIZEOF_LONG_LONG__ 8
#define __SIZEOF_LONG__ 8
#define __SIZEOF_POINTER__ 8
#define __SIZEOF_PTRDIFF_T__ 8
#define __SIZEOF_SHORT__ 2
#define __SIZEOF_SIZE_T__ 8
#define __SIZEOF_WCHAR_T__ 4
#define __SIZEOF_WINT_T__ 4
#define __SIZE_FMTX__ "lX"
#define __SIZE_FMTo__ "lo"
#define __SIZE_FMTu__ "lu"
#define __SIZE_FMTx__ "lx"
#define __SIZE_MAX__ 18446744073709551615UL
#define __SIZE_TYPE__ long unsigned int
#define __SIZE_WIDTH__ 64
#define __SSE2_MATH__ 1
#define __SSE2__ 1
#define __SSE3__ 1
#define __SSE4_1__ 1
#define __SSE_MATH__ 1
#define __SSE__ 1
#define __SSP__ 1
#define __SSSE3__ 1
#define __STDC_HOSTED__ 1
#define __STDC_NO_THREADS__ 1
#define __STDC_UTF_16__ 1
#define __STDC_UTF_32__ 1
#define __STDC_VERSION__ 201112L
#define __STDC__ 1
#define __UINT16_C_SUFFIX__ 
#define __UINT16_FMTX__ "hX"
#define __UINT16_FMTo__ "ho"
#define __UINT16_FMTu__ "hu"
#define __UINT16_FMTx__ "hx"
#define __UINT16_MAX__ 65535
#define __UINT16_TYPE__ unsigned short
#define __UINT32_C_SUFFIX__ U
#define __UINT32_FMTX__ "X"
#define __UINT32_FMTo__ "o"
#define __UINT32_FMTu__ "u"
#define __UINT32_FMTx__ "x"
#define __UINT32_MAX__ 4294967295U
#define __UINT32_TYPE__ unsigned int
#define __UINT64_C_SUFFIX__ ULL
#define __UINT64_FMTX__ "llX"
#define __UINT64_FMTo__ "llo"
#define __UINT64_FMTu__ "llu"
#define __UINT64_FMTx__ "llx"
#define __UINT64_MAX__ 18446744073709551615ULL
#define __UINT64_TYPE__ long long unsigned int
#define __UINT8_C_SUFFIX__ 
#define __UINT8_FMTX__ "hhX"
#define __UINT8_FMTo__ "hho"
#define __UINT8_FMTu__ "hhu"
#define __UINT8_FMTx__ "hhx"
#define __UINT8_MAX__ 255
#define __UINT8_TYPE__ unsigned char
#define __UINTMAX_C_SUFFIX__ UL
#define __UINTMAX_FMTX__ "lX"
#define __UINTMAX_FMTo__ "lo"
#define __UINTMAX_FMTu__ "lu"
#define __UINTMAX_FMTx__ "lx"
#define __UINTMAX_MAX__ 18446744073709551615UL
#define __UINTMAX_TYPE__ long unsigned int
#define __UINTMAX_WIDTH__ 64
#define __UINTPTR_FMTX__ "lX"
#define __UINTPTR_FMTo__ "lo"
#define __UINTPTR_FMTu__ "lu"
#define __UINTPTR_FMTx__ "lx"
#define __UINTPTR_MAX__ 18446744073709551615UL
#define __UINTPTR_TYPE__ long unsigned int
#define __UINTPTR_WIDTH__ 64
#define __UINT_FAST16_FMTX__ "hX"
#define __UINT_FAST16_FMTo__ "ho"
#define __UINT_FAST16_FMTu__ "hu"
#define __UINT_FAST16_FMTx__ "hx"
#define __UINT_FAST16_MAX__ 65535
#define __UINT_FAST16_TYPE__ unsigned short
#define __UINT_FAST32_FMTX__ "X"
#define __UINT_FAST32_FMTo__ "o"
#define __UINT_FAST32_FMTu__ "u"
#define __UINT_FAST32_FMTx__ "x"
#define __UINT_FAST32_MAX__ 4294967295U
#define __UINT_FAST32_TYPE__ unsigned int
#define __UINT_FAST64_FMTX__ "lX"
#define __UINT_FAST64_FMTo__ "lo"
#define __UINT_FAST64_FMTu__ "lu"
#define __UINT_FAST64_FMTx__ "lx"
#define __UINT_FAST64_MAX__ 18446744073709551615UL
#define __UINT_FAST64_TYPE__ long unsigned int
#define __UINT_FAST8_FMTX__ "hhX"
#define __UINT_FAST8_FMTo__ "hho"
#define __UINT_FAST8_FMTu__ "hhu"
#define __UINT_FAST8_FMTx__ "hhx"
#define __UINT_FAST8_MAX__ 255
#define __UINT_FAST8_TYPE__ unsigned char
#define __UINT_LEAST16_FMTX__ "hX"
#define __UINT_LEAST16_FMTo__ "ho"
#define __UINT_LEAST16_FMTu__ "hu"
#define __UINT_LEAST16_FMTx__ "hx"
#define __UINT_LEAST16_MAX__ 65535
#define __UINT_LEAST16_TYPE__ unsigned short
#define __UINT_LEAST32_FMTX__ "X"
#define __UINT_LEAST32_FMTo__ "o"
#define __UINT_LEAST32_FMTu__ "u"
#define __UINT_LEAST32_FMTx__ "x"
#define __UINT_LEAST32_MAX__ 4294967295U
#define __UINT_LEAST32_TYPE__ unsigned int
#define __UINT_LEAST64_FMTX__ "lX"
#define __UINT_LEAST64_FMTo__ "lo"
#define __UINT_LEAST64_FMTu__ "lu"
#define __UINT_LEAST64_FMTx__ "lx"
#define __UINT_LEAST64_MAX__ 18446744073709551615UL
#define __UINT_LEAST64_TYPE__ long unsigned int
#define __UINT_LEAST8_FMTX__ "hhX"
#define __UINT_LEAST8_FMTo__ "hho"
#define __UINT_LEAST8_FMTu__ "hhu"
#define __UINT_LEAST8_FMTx__ "hhx"
#define __UINT_LEAST8_MAX__ 255
#define __UINT_LEAST8_TYPE__ unsigned char
#define __USER_LABEL_PREFIX__ _
#define __VERSION__ "4.2.1 Compatible Apple LLVM 9.0.0 (clang-900.0.39.2)"
#define __WCHAR_MAX__ 2147483647
#define __WCHAR_TYPE__ int
#define __WCHAR_WIDTH__ 32
#define __WINT_TYPE__ int
#define __WINT_WIDTH__ 32
#define __amd64 1
#define __amd64__ 1
#define __apple_build_version__ 9000039
#define __block __attribute__((__blocks__(byref)))
#define __clang__ 1
#define __clang_major__ 9
#define __clang_minor__ 0
#define __clang_patchlevel__ 0
#define __clang_version__ "9.0.0 (clang-900.0.39.2)"
#define __core2 1
#define __core2__ 1
#define __llvm__ 1
#define __nonnull _Nonnull
#define __null_unspecified _Null_unspecified
#define __nullable _Nullable
#define __pic__ 2
#define __strong 
#define __tune_core2__ 1
#define __unsafe_unretained 
#define __weak __attribute__((objc_gc(weak)))
#define __x86_64 1
#define __x86_64__ 1

find program=['llvm-ar', 'ar'] paths=['/usr/local/bin', '/usr/bin', '/bin', '/usr/sbin', '/sbin', '/Applications/VMware Fusion.app/Contents/Public', '/Users/srene/Library/Android/sdk/platform-tools/'] var='AR' -> ['/usr/bin/ar']
(tool ar is already loaded, skipping)
/usr/bin/clang++
----------------------------------------
Checking supported compiler CXXFLAGS
==>

int main(int argc, char **argv) {
	(void)argc; (void)argv;
	return 0;
}

<==
[1/2] Compiling [32mbuild/.conf_check_e9fa2b253ec5c43ec29f4ac81187d3ca/test.cpp[0m

['/usr/bin/clang++', '-Werror', '-std=c++0x', '../test.cpp', '-c', '-o', '/Users/srene/workspace/ndnSIM/build/.conf_check_e9fa2b253ec5c43ec29f4ac81187d3ca/testbuild/test.cpp.1.o']
[2/2] Linking [33mbuild/.conf_check_e9fa2b253ec5c43ec29f4ac81187d3ca/testbuild/testprog[0m

['/usr/bin/clang++', 'test.cpp.1.o', '-o', '/Users/srene/workspace/ndnSIM/build/.conf_check_e9fa2b253ec5c43ec29f4ac81187d3ca/testbuild/testprog']
==>

int main(int argc, char **argv) {
	(void)argc; (void)argv;
	return 0;
}

<==
[1/2] Compiling [32mbuild/.conf_check_c92a52fd66e9d32dd295c006e74f0302/test.cpp[0m

['/usr/bin/clang++', '-Werror', '-std=c++11', '../test.cpp', '-c', '-o', '/Users/srene/workspace/ndnSIM/build/.conf_check_c92a52fd66e9d32dd295c006e74f0302/testbuild/test.cpp.1.o']
[2/2] Linking [33mbuild/.conf_check_c92a52fd66e9d32dd295c006e74f0302/testbuild/testprog[0m

['/usr/bin/clang++', 'test.cpp.1.o', '-o', '/Users/srene/workspace/ndnSIM/build/.conf_check_c92a52fd66e9d32dd295c006e74f0302/testbuild/testprog']
-std=c++0x -std=c++11
-----------------------------------------
Checking supported optimizations CXXFLAGS
==>

int main(int argc, char **argv) {
	(void)argc; (void)argv;
	return 0;
}

<==
[1/2] Compiling [32mbuild/.conf_check_ec51744350c2ddaa34fe9c805afecc2f/test.cpp[0m

['/usr/bin/clang++', '-Werror', '-O0', '../test.cpp', '-c', '-o', '/Users/srene/workspace/ndnSIM/build/.conf_check_ec51744350c2ddaa34fe9c805afecc2f/testbuild/test.cpp.1.o']
[2/2] Linking [33mbuild/.conf_check_ec51744350c2ddaa34fe9c805afecc2f/testbuild/testprog[0m

['/usr/bin/clang++', 'test.cpp.1.o', '-o', '/Users/srene/workspace/ndnSIM/build/.conf_check_ec51744350c2ddaa34fe9c805afecc2f/testbuild/testprog']
-O0
-----------------------------------------
Checking supported debug CXXFLAGS
==>

int main(int argc, char **argv) {
	(void)argc; (void)argv;
	return 0;
}

<==
[1/2] Compiling [32mbuild/.conf_check_b24e3abb71d170f4e060460b4741f24b/test.cpp[0m

['/usr/bin/clang++', '-Werror', '-ggdb', '../test.cpp', '-c', '-o', '/Users/srene/workspace/ndnSIM/build/.conf_check_b24e3abb71d170f4e060460b4741f24b/testbuild/test.cpp.1.o']
[2/2] Linking [33mbuild/.conf_check_b24e3abb71d170f4e060460b4741f24b/testbuild/testprog[0m

['/usr/bin/clang++', 'test.cpp.1.o', '-o', '/Users/srene/workspace/ndnSIM/build/.conf_check_b24e3abb71d170f4e060460b4741f24b/testbuild/testprog']
==>

int main(int argc, char **argv) {
	(void)argc; (void)argv;
	return 0;
}

<==
[1/2] Compiling [32mbuild/.conf_check_3db49f559c2c5f8f0743cee0160cd2a0/test.cpp[0m

['/usr/bin/clang++', '-Werror', '-g3', '../test.cpp', '-c', '-o', '/Users/srene/workspace/ndnSIM/build/.conf_check_3db49f559c2c5f8f0743cee0160cd2a0/testbuild/test.cpp.1.o']
[2/2] Linking [33mbuild/.conf_check_3db49f559c2c5f8f0743cee0160cd2a0/testbuild/testprog[0m

['/usr/bin/clang++', 'test.cpp.1.o', '-o', '/Users/srene/workspace/ndnSIM/build/.conf_check_3db49f559c2c5f8f0743cee0160cd2a0/testbuild/testprog']
-ggdb -g3
-----------------------------------------
Checking supported warnings CXXFLAGS
==>

int main(int argc, char **argv) {
	(void)argc; (void)argv;
	return 0;
}

<==
[1/2] Compiling [32mbuild/.conf_check_b80d213b625358ff87c27422018f605e/test.cpp[0m

['/usr/bin/clang++', '-Werror', '-Wall', '../test.cpp', '-c', '-o', '/Users/srene/workspace/ndnSIM/build/.conf_check_b80d213b625358ff87c27422018f605e/testbuild/test.cpp.1.o']
[2/2] Linking [33mbuild/.conf_check_b80d213b625358ff87c27422018f605e/testbuild/testprog[0m

['/usr/bin/clang++', 'test.cpp.1.o', '-o', '/Users/srene/workspace/ndnSIM/build/.conf_check_b80d213b625358ff87c27422018f605e/testbuild/testprog']
==>

int main(int argc, char **argv) {
	(void)argc; (void)argv;
	return 0;
}

<==
[1/2] Compiling [32mbuild/.conf_check_3b3a48efe052eb125a0453441db9fd53/test.cpp[0m

['/usr/bin/clang++', '-Werror', '-Wno-error=deprecated-declarations', '../test.cpp', '-c', '-o', '/Users/srene/workspace/ndnSIM/build/.conf_check_3b3a48efe052eb125a0453441db9fd53/testbuild/test.cpp.1.o']
[2/2] Linking [33mbuild/.conf_check_3b3a48efe052eb125a0453441db9fd53/testbuild/testprog[0m

['/usr/bin/clang++', 'test.cpp.1.o', '-o', '/Users/srene/workspace/ndnSIM/build/.conf_check_3b3a48efe052eb125a0453441db9fd53/testbuild/testprog']
==>

int main(int argc, char **argv) {
	(void)argc; (void)argv;
	return 0;
}

<==
[1/2] Compiling [32mbuild/.conf_check_fad7c6f4a1f78bab4d62196c5b715dd4/test.cpp[0m

['/usr/bin/clang++', '-Werror', '-fstrict-aliasing', '../test.cpp', '-c', '-o', '/Users/srene/workspace/ndnSIM/build/.conf_check_fad7c6f4a1f78bab4d62196c5b715dd4/testbuild/test.cpp.1.o']
[2/2] Linking [33mbuild/.conf_check_fad7c6f4a1f78bab4d62196c5b715dd4/testbuild/testprog[0m

['/usr/bin/clang++', 'test.cpp.1.o', '-o', '/Users/srene/workspace/ndnSIM/build/.conf_check_fad7c6f4a1f78bab4d62196c5b715dd4/testbuild/testprog']
==>

int main(int argc, char **argv) {
	(void)argc; (void)argv;
	return 0;
}

<==
[1/2] Compiling [32mbuild/.conf_check_e908ce7d99df7bc7c4a97808674f3cae/test.cpp[0m

['/usr/bin/clang++', '-Werror', '-Wstrict-aliasing', '../test.cpp', '-c', '-o', '/Users/srene/workspace/ndnSIM/build/.conf_check_e908ce7d99df7bc7c4a97808674f3cae/testbuild/test.cpp.1.o']
[2/2] Linking [33mbuild/.conf_check_e908ce7d99df7bc7c4a97808674f3cae/testbuild/testprog[0m

['/usr/bin/clang++', 'test.cpp.1.o', '-o', '/Users/srene/workspace/ndnSIM/build/.conf_check_e908ce7d99df7bc7c4a97808674f3cae/testbuild/testprog']
-Wall -Wno-error=deprecated-declarations -fstrict-aliasing -Wstrict-aliasing
-----------------------------------------
Checking boost includes
1_65_1
-----------------------------------------
Checking boost libs
Found the boost path in /usr/local/lib with the libraries:
    /usr/local/lib/libboost_atomic-mt.a
    /usr/local/lib/libboost_atomic-mt.dylib
    /usr/local/lib/libboost_chrono-mt.a
    /usr/local/lib/libboost_chrono-mt.dylib
    /usr/local/lib/libboost_chrono.a
    /usr/local/lib/libboost_chrono.dylib
    /usr/local/lib/libboost_container-mt.a
    /usr/local/lib/libboost_container-mt.dylib
    /usr/local/lib/libboost_container.a
    /usr/local/lib/libboost_container.dylib
    /usr/local/lib/libboost_context-mt.a
    /usr/local/lib/libboost_context-mt.dylib
    /usr/local/lib/libboost_coroutine-mt.a
    /usr/local/lib/libboost_coroutine-mt.dylib
    /usr/local/lib/libboost_coroutine.a
    /usr/local/lib/libboost_coroutine.dylib
    /usr/local/lib/libboost_date_time-mt.a
    /usr/local/lib/libboost_date_time-mt.dylib
    /usr/local/lib/libboost_date_time.a
    /usr/local/lib/libboost_date_time.dylib
    /usr/local/lib/libboost_exception-mt.a
    /usr/local/lib/libboost_exception.a
    /usr/local/lib/libboost_fiber-mt.a
    /usr/local/lib/libboost_fiber-mt.dylib
    /usr/local/lib/libboost_filesystem-mt.a
    /usr/local/lib/libboost_filesystem-mt.dylib
    /usr/local/lib/libboost_filesystem.a
    /usr/local/lib/libboost_filesystem.dylib
    /usr/local/lib/libboost_graph-mt.a
    /usr/local/lib/libboost_graph-mt.dylib
    /usr/local/lib/libboost_graph.a
    /usr/local/lib/libboost_graph.dylib
    /usr/local/lib/libboost_iostreams-mt.a
    /usr/local/lib/libboost_iostreams-mt.dylib
    /usr/local/lib/libboost_iostreams.a
    /usr/local/lib/libboost_iostreams.dylib
    /usr/local/lib/libboost_locale-mt.a
    /usr/local/lib/libboost_locale-mt.dylib
    /usr/local/lib/libboost_log-mt.a
    /usr/local/lib/libboost_log-mt.dylib
    /usr/local/lib/libboost_log.a
    /usr/local/lib/libboost_log.dylib
    /usr/local/lib/libboost_log_setup-mt.a
    /usr/local/lib/libboost_log_setup-mt.dylib
    /usr/local/lib/libboost_log_setup.a
    /usr/local/lib/libboost_log_setup.dylib
    /usr/local/lib/libboost_math_c99-mt.a
    /usr/local/lib/libboost_math_c99-mt.dylib
    /usr/local/lib/libboost_math_c99.a
    /usr/local/lib/libboost_math_c99.dylib
    /usr/local/lib/libboost_math_c99f-mt.a
    /usr/local/lib/libboost_math_c99f-mt.dylib
    /usr/local/lib/libboost_math_c99f.a
    /usr/local/lib/libboost_math_c99f.dylib
    /usr/local/lib/libboost_math_c99l-mt.a
    /usr/local/lib/libboost_math_c99l-mt.dylib
    /usr/local/lib/libboost_math_c99l.a
    /usr/local/lib/libboost_math_c99l.dylib
    /usr/local/lib/libboost_math_tr1-mt.a
    /usr/local/lib/libboost_math_tr1-mt.dylib
    /usr/local/lib/libboost_math_tr1.a
    /usr/local/lib/libboost_math_tr1.dylib
    /usr/local/lib/libboost_math_tr1f-mt.a
    /usr/local/lib/libboost_math_tr1f-mt.dylib
    /usr/local/lib/libboost_math_tr1f.a
    /usr/local/lib/libboost_math_tr1f.dylib
    /usr/local/lib/libboost_math_tr1l-mt.a
    /usr/local/lib/libboost_math_tr1l-mt.dylib
    /usr/local/lib/libboost_math_tr1l.a
    /usr/local/lib/libboost_math_tr1l.dylib
    /usr/local/lib/libboost_prg_exec_monitor-mt.a
    /usr/local/lib/libboost_prg_exec_monitor-mt.dylib
    /usr/local/lib/libboost_prg_exec_monitor.a
    /usr/local/lib/libboost_prg_exec_monitor.dylib
    /usr/local/lib/libboost_program_options-mt.a
    /usr/local/lib/libboost_program_options-mt.dylib
    /usr/local/lib/libboost_program_options.a
    /usr/local/lib/libboost_program_options.dylib
    /usr/local/lib/libboost_random-mt.a
    /usr/local/lib/libboost_random-mt.dylib
    /usr/local/lib/libboost_random.a
    /usr/local/lib/libboost_random.dylib
    /usr/local/lib/libboost_regex-mt.a
    /usr/local/lib/libboost_regex-mt.dylib
    /usr/local/lib/libboost_regex.a
    /usr/local/lib/libboost_regex.dylib
    /usr/local/lib/libboost_serialization-mt.a
    /usr/local/lib/libboost_serialization-mt.dylib
    /usr/local/lib/libboost_serialization.a
    /usr/local/lib/libboost_serialization.dylib
    /usr/local/lib/libboost_signals-mt.a
    /usr/local/lib/libboost_signals-mt.dylib
    /usr/local/lib/libboost_signals.a
    /usr/local/lib/libboost_signals.dylib
    /usr/local/lib/libboost_stacktrace_addr2line-mt.a
    /usr/local/lib/libboost_stacktrace_addr2line-mt.dylib
    /usr/local/lib/libboost_stacktrace_addr2line.a
    /usr/local/lib/libboost_stacktrace_addr2line.dylib
    /usr/local/lib/libboost_stacktrace_basic-mt.a
    /usr/local/lib/libboost_stacktrace_basic-mt.dylib
    /usr/local/lib/libboost_stacktrace_basic.a
    /usr/local/lib/libboost_stacktrace_basic.dylib
    /usr/local/lib/libboost_stacktrace_noop-mt.a
    /usr/local/lib/libboost_stacktrace_noop-mt.dylib
    /usr/local/lib/libboost_stacktrace_noop.a
    /usr/local/lib/libboost_stacktrace_noop.dylib
    /usr/local/lib/libboost_system-mt.a
    /usr/local/lib/libboost_system-mt.dylib
    /usr/local/lib/libboost_system.a
    /usr/local/lib/libboost_system.dylib
    /usr/local/lib/libboost_test_exec_monitor-mt.a
    /usr/local/lib/libboost_test_exec_monitor.a
    /usr/local/lib/libboost_thread-mt.a
    /usr/local/lib/libboost_thread-mt.dylib
    /usr/local/lib/libboost_timer-mt.a
    /usr/local/lib/libboost_timer-mt.dylib
    /usr/local/lib/libboost_timer.a
    /usr/local/lib/libboost_timer.dylib
    /usr/local/lib/libboost_type_erasure-mt.a
    /usr/local/lib/libboost_type_erasure-mt.dylib
    /usr/local/lib/libboost_type_erasure.a
    /usr/local/lib/libboost_type_erasure.dylib
    /usr/local/lib/libboost_unit_test_framework-mt.a
    /usr/local/lib/libboost_unit_test_framework-mt.dylib
    /usr/local/lib/libboost_unit_test_framework.a
    /usr/local/lib/libboost_unit_test_framework.dylib
    /usr/local/lib/libboost_wave-mt.a
    /usr/local/lib/libboost_wave-mt.dylib
    /usr/local/lib/libboost_wserialization-mt.a
    /usr/local/lib/libboost_wserialization-mt.dylib
    /usr/local/lib/libboost_wserialization.a
    /usr/local/lib/libboost_wserialization.dylib
Trying pattern boost_graph(-xgcc[0-9]{0,3})-1_65_1.dylib$
Trying pattern boost_graph-1_65_1.dylib$
Trying pattern boost_graph(-xgcc[0-9]{0,3}).dylib$
Trying pattern boost_graph.dylib$
Found boost lib libboost_graph.dylib
Trying pattern boost_thread(-xgcc[0-9]{0,3})-1_65_1.dylib$
Trying pattern boost_thread-1_65_1.dylib$
Trying pattern boost_thread(-xgcc[0-9]{0,3}).dylib$
Trying pattern boost_thread.dylib$
Trying pattern boost_thread.dylib$
Trying pattern boost_thread
Found boost lib libboost_thread-mt.dylib
Trying pattern boost_unit_test_framework(-xgcc[0-9]{0,3})-1_65_1.dylib$
Trying pattern boost_unit_test_framework-1_65_1.dylib$
Trying pattern boost_unit_test_framework(-xgcc[0-9]{0,3}).dylib$
Trying pattern boost_unit_test_framework.dylib$
Found boost lib libboost_unit_test_framework.dylib
Trying pattern boost_system(-xgcc[0-9]{0,3})-1_65_1.dylib$
Trying pattern boost_system-1_65_1.dylib$
Trying pattern boost_system(-xgcc[0-9]{0,3}).dylib$
Trying pattern boost_system.dylib$
Found boost lib libboost_system.dylib
Trying pattern boost_random(-xgcc[0-9]{0,3})-1_65_1.dylib$
Trying pattern boost_random-1_65_1.dylib$
Trying pattern boost_random(-xgcc[0-9]{0,3}).dylib$
Trying pattern boost_random.dylib$
Found boost lib libboost_random.dylib
Trying pattern boost_date_time(-xgcc[0-9]{0,3})-1_65_1.dylib$
Trying pattern boost_date_time-1_65_1.dylib$
Trying pattern boost_date_time(-xgcc[0-9]{0,3}).dylib$
Trying pattern boost_date_time.dylib$
Found boost lib libboost_date_time.dylib
Trying pattern boost_iostreams(-xgcc[0-9]{0,3})-1_65_1.dylib$
Trying pattern boost_iostreams-1_65_1.dylib$
Trying pattern boost_iostreams(-xgcc[0-9]{0,3}).dylib$
Trying pattern boost_iostreams.dylib$
Found boost lib libboost_iostreams.dylib
Trying pattern boost_regex(-xgcc[0-9]{0,3})-1_65_1.dylib$
Trying pattern boost_regex-1_65_1.dylib$
Trying pattern boost_regex(-xgcc[0-9]{0,3}).dylib$
Trying pattern boost_regex.dylib$
Found boost lib libboost_regex.dylib
Trying pattern boost_program_options(-xgcc[0-9]{0,3})-1_65_1.dylib$
Trying pattern boost_program_options-1_65_1.dylib$
Trying pattern boost_program_options(-xgcc[0-9]{0,3}).dylib$
Trying pattern boost_program_options.dylib$
Found boost lib libboost_program_options.dylib
Trying pattern boost_chrono(-xgcc[0-9]{0,3})-1_65_1.dylib$
Trying pattern boost_chrono-1_65_1.dylib$
Trying pattern boost_chrono(-xgcc[0-9]{0,3}).dylib$
Trying pattern boost_chrono.dylib$
Found boost lib libboost_chrono.dylib
Trying pattern boost_filesystem(-xgcc[0-9]{0,3})-1_65_1.dylib$
Trying pattern boost_filesystem-1_65_1.dylib$
Trying pattern boost_filesystem(-xgcc[0-9]{0,3}).dylib$
Trying pattern boost_filesystem.dylib$
Found boost lib libboost_filesystem.dylib
Trying pattern boost_system(-xgcc[0-9]{0,3})-1_65_1.dylib$
Trying pattern boost_system-1_65_1.dylib$
Trying pattern boost_system(-xgcc[0-9]{0,3}).dylib$
Trying pattern boost_system.dylib$
Found boost lib libboost_system.dylib
Trying pattern boost_signals(-xgcc[0-9]{0,3})-1_65_1.dylib$
Trying pattern boost_signals-1_65_1.dylib$
Trying pattern boost_signals(-xgcc[0-9]{0,3}).dylib$
Trying pattern boost_signals.dylib$
Found boost lib libboost_signals.dylib
Trying pattern boost_filesystem(-xgcc[0-9]{0,3})-1_65_1.dylib$
Trying pattern boost_filesystem-1_65_1.dylib$
Trying pattern boost_filesystem(-xgcc[0-9]{0,3}).dylib$
Trying pattern boost_filesystem.dylib$
Found boost lib libboost_filesystem.dylib
ok
-----------------------------------------
Checking for boost linkage
==>

#include <boost/system/error_code.hpp>
int main() { boost::system::error_code c; }

<==
[1/2] Compiling [32mbuild/.conf_check_56d67ee09cdcff28c4d30978317174d8/test.cpp[0m

['/usr/bin/clang++', '-std=c++0x', '-std=c++11', '-O0', '-ggdb', '-g3', '-Wall', '-Wno-error=deprecated-declarations', '-fstrict-aliasing', '-Wstrict-aliasing', '-Wno-unused-local-typedefs', '-Wno-potentially-evaluated-expression', '-std=c++11', '-I/usr/local/include', '-DNS3_BUILD_PROFILE_DEBUG', '-DNS3_ASSERT_ENABLE', '-DNS3_LOG_ENABLE', '../test.cpp', '-c', '-o', '/Users/srene/workspace/ndnSIM/build/.conf_check_56d67ee09cdcff28c4d30978317174d8/testbuild/test.cpp.1.o']
[2/2] Linking [33mbuild/.conf_check_56d67ee09cdcff28c4d30978317174d8/testbuild/testprog[0m

['/usr/bin/clang++', 'test.cpp.1.o', '-o', '/Users/srene/workspace/ndnSIM/build/.conf_check_56d67ee09cdcff28c4d30978317174d8/testbuild/testprog', '-L/usr/local/lib', '-lboost_graph', '-lboost_thread-mt', '-lboost_unit_test_framework', '-lboost_system', '-lboost_random', '-lboost_date_time', '-lboost_iostreams', '-lboost_regex', '-lboost_program_options', '-lboost_chrono', '-lboost_filesystem', '-lboost_system', '-lboost_signals', '-lboost_filesystem']
==>

#include <boost/thread.hpp>
int main() { boost::thread t; }

<==
[1/2] Compiling [32mbuild/.conf_check_d8249d5e47c4cb48f1f718a754e9d476/test.cpp[0m

['/usr/bin/clang++', '-std=c++0x', '-std=c++11', '-O0', '-ggdb', '-g3', '-Wall', '-Wno-error=deprecated-declarations', '-fstrict-aliasing', '-Wstrict-aliasing', '-Wno-unused-local-typedefs', '-Wno-potentially-evaluated-expression', '-std=c++11', '-I/usr/local/include', '-DNS3_BUILD_PROFILE_DEBUG', '-DNS3_ASSERT_ENABLE', '-DNS3_LOG_ENABLE', '../test.cpp', '-c', '-o', '/Users/srene/workspace/ndnSIM/build/.conf_check_d8249d5e47c4cb48f1f718a754e9d476/testbuild/test.cpp.1.o']
[2/2] Linking [33mbuild/.conf_check_d8249d5e47c4cb48f1f718a754e9d476/testbuild/testprog[0m

['/usr/bin/clang++', 'test.cpp.1.o', '-o', '/Users/srene/workspace/ndnSIM/build/.conf_check_d8249d5e47c4cb48f1f718a754e9d476/testbuild/testprog', '-L/usr/local/lib', '-lboost_graph', '-lboost_thread-mt', '-lboost_unit_test_framework', '-lboost_system', '-lboost_random', '-lboost_date_time', '-lboost_iostreams', '-lboost_regex', '-lboost_program_options', '-lboost_chrono', '-lboost_filesystem', '-lboost_system', '-lboost_signals', '-lboost_filesystem']
ok
-----------------------------------------
Checking for click location
not found
-----------------------------------------
Checking for program 'pkg-config'
/usr/local/bin/pkg-config
find program=['pkg-config'] paths=['/usr/local/bin', '/usr/bin', '/bin', '/usr/sbin', '/sbin', '/Applications/VMware Fusion.app/Contents/Public', '/Users/srene/Library/Android/sdk/platform-tools/'] var='PKGCONFIG' -> ['/usr/local/bin/pkg-config']
-----------------------------------------
Checking for 'gtk+-2.0' >= 2.12
['/usr/local/bin/pkg-config', '--atleast-version=2.12', 'gtk+-2.0']
not found
from /Users/srene/workspace/ndnSIM/src/config-store: The configuration failed
-----------------------------------------
Checking for 'libxml-2.0' >= 2.7
['/usr/local/bin/pkg-config', '--atleast-version=2.7', 'libxml-2.0']
['/usr/local/bin/pkg-config', '--cflags', '--libs', 'libxml-2.0']
out: -I/usr/local/Cellar/libxml2/2.9.7/include/libxml2 -L/usr/local/Cellar/libxml2/2.9.7/lib -lxml2

yes
-----------------------------------------
Checking for type uint128_t
==>
#include <stdint.h>

int main(int argc, char **argv) {
	(void)argc; (void)argv;
	if ((uint128_t *) 0) return 0;
	if (sizeof (uint128_t)) return 0;
	return 1;
}

<==
[1/2] Compiling [32mbuild/.conf_check_434a1982a21c013ae8dbe7930e61b37e/test.cpp[0m

['/usr/bin/clang++', '-std=c++0x', '-std=c++11', '-O0', '-ggdb', '-g3', '-Wall', '-Wno-error=deprecated-declarations', '-fstrict-aliasing', '-Wstrict-aliasing', '-Wno-unused-local-typedefs', '-Wno-potentially-evaluated-expression', '-std=c++11', '-DNS3_BUILD_PROFILE_DEBUG', '-DNS3_ASSERT_ENABLE', '-DNS3_LOG_ENABLE', '../test.cpp', '-c', '-o', '/Users/srene/workspace/ndnSIM/build/.conf_check_434a1982a21c013ae8dbe7930e61b37e/testbuild/test.cpp.1.o']
err: ../test.cpp:5:7: error: use of undeclared identifier 'uint128_t'
        if ((uint128_t *) 0) return 0;
             ^
../test.cpp:5:18: error: expected expression
        if ((uint128_t *) 0) return 0;
                        ^
../test.cpp:6:14: error: use of undeclared identifier 'uint128_t'
        if (sizeof (uint128_t)) return 0;
                    ^
3 errors generated.

from /Users/srene/workspace/ndnSIM/src/core: Test does not build: Traceback (most recent call last):
  File "/Users/srene/workspace/ndnSIM/.waf-1.8.19-b1fc8f7baef51bd2db4c2971909a568d/waflib/Configure.py", line 335, in run_build
    bld.compile()
  File "/Users/srene/workspace/ndnSIM/.waf-1.8.19-b1fc8f7baef51bd2db4c2971909a568d/waflib/Build.py", line 185, in compile
    raise Errors.BuildError(self.producer.error)
BuildError: Build failed
 -> task in 'testprog' failed (exit status 1): 
	{task 4340837776: cxx test.cpp -> test.cpp.1.o}
['/usr/bin/clang++', '-std=c++0x', '-std=c++11', '-O0', '-ggdb', '-g3', '-Wall', '-Wno-error=deprecated-declarations', '-fstrict-aliasing', '-Wstrict-aliasing', '-Wno-unused-local-typedefs', '-Wno-potentially-evaluated-expression', '-std=c++11', '-DNS3_BUILD_PROFILE_DEBUG', '-DNS3_ASSERT_ENABLE', '-DNS3_LOG_ENABLE', '../test.cpp', '-c', '-o', '/Users/srene/workspace/ndnSIM/build/.conf_check_434a1982a21c013ae8dbe7930e61b37e/testbuild/test.cpp.1.o']

not found
from /Users/srene/workspace/ndnSIM/src/core: The configuration failed
-----------------------------------------
Checking for type __uint128_t
==>
#include <stdint.h>

int main(int argc, char **argv) {
	(void)argc; (void)argv;
	if ((__uint128_t *) 0) return 0;
	if (sizeof (__uint128_t)) return 0;
	return 1;
}

<==
[1/2] Compiling [32mbuild/.conf_check_42d2819d6a19226f5b8c92fdfe4db410/test.cpp[0m

['/usr/bin/clang++', '-std=c++0x', '-std=c++11', '-O0', '-ggdb', '-g3', '-Wall', '-Wno-error=deprecated-declarations', '-fstrict-aliasing', '-Wstrict-aliasing', '-Wno-unused-local-typedefs', '-Wno-potentially-evaluated-expression', '-std=c++11', '-DNS3_BUILD_PROFILE_DEBUG', '-DNS3_ASSERT_ENABLE', '-DNS3_LOG_ENABLE', '../test.cpp', '-c', '-o', '/Users/srene/workspace/ndnSIM/build/.conf_check_42d2819d6a19226f5b8c92fdfe4db410/testbuild/test.cpp.1.o']
[2/2] Linking [33mbuild/.conf_check_42d2819d6a19226f5b8c92fdfe4db410/testbuild/testprog[0m

['/usr/bin/clang++', 'test.cpp.1.o', '-o', '/Users/srene/workspace/ndnSIM/build/.conf_check_42d2819d6a19226f5b8c92fdfe4db410/testbuild/testprog']
yes
-----------------------------------------
Checking high precision implementation
128-bit integer (default)
-----------------------------------------
Checking for header stdint.h
==>
#include <stdint.h>

int main(int argc, char **argv) {
	(void)argc; (void)argv;
	return 0;
}

<==
[1/2] Compiling [32mbuild/.conf_check_7b30e52685a107d48949f98835c9ab41/test.cpp[0m

['/usr/bin/clang++', '-std=c++0x', '-std=c++11', '-O0', '-ggdb', '-g3', '-Wall', '-Wno-error=deprecated-declarations', '-fstrict-aliasing', '-Wstrict-aliasing', '-Wno-unused-local-typedefs', '-Wno-potentially-evaluated-expression', '-std=c++11', '-DNS3_BUILD_PROFILE_DEBUG', '-DNS3_ASSERT_ENABLE', '-DNS3_LOG_ENABLE', '-DHAVE___UINT128_T=1', '-DINT64X64_USE_128=1', '../test.cpp', '-c', '-o', '/Users/srene/workspace/ndnSIM/build/.conf_check_7b30e52685a107d48949f98835c9ab41/testbuild/test.cpp.1.o']
[2/2] Linking [33mbuild/.conf_check_7b30e52685a107d48949f98835c9ab41/testbuild/testprog[0m

['/usr/bin/clang++', 'test.cpp.1.o', '-o', '/Users/srene/workspace/ndnSIM/build/.conf_check_7b30e52685a107d48949f98835c9ab41/testbuild/testprog']
yes
-----------------------------------------
Checking for header inttypes.h
==>
#include <inttypes.h>

int main(int argc, char **argv) {
	(void)argc; (void)argv;
	return 0;
}

<==
[1/2] Compiling [32mbuild/.conf_check_cfe0f0a53dbb339e4b20648e03b92780/test.cpp[0m

['/usr/bin/clang++', '-std=c++0x', '-std=c++11', '-O0', '-ggdb', '-g3', '-Wall', '-Wno-error=deprecated-declarations', '-fstrict-aliasing', '-Wstrict-aliasing', '-Wno-unused-local-typedefs', '-Wno-potentially-evaluated-expression', '-std=c++11', '-DNS3_BUILD_PROFILE_DEBUG', '-DNS3_ASSERT_ENABLE', '-DNS3_LOG_ENABLE', '-DHAVE___UINT128_T=1', '-DINT64X64_USE_128=1', '-DHAVE_STDINT_H=1', '../test.cpp', '-c', '-o', '/Users/srene/workspace/ndnSIM/build/.conf_check_cfe0f0a53dbb339e4b20648e03b92780/testbuild/test.cpp.1.o']
[2/2] Linking [33mbuild/.conf_check_cfe0f0a53dbb339e4b20648e03b92780/testbuild/testprog[0m

['/usr/bin/clang++', 'test.cpp.1.o', '-o', '/Users/srene/workspace/ndnSIM/build/.conf_check_cfe0f0a53dbb339e4b20648e03b92780/testbuild/testprog']
yes
-----------------------------------------
Checking for header sys/inttypes.h
==>
#include <sys/inttypes.h>

int main(int argc, char **argv) {
	(void)argc; (void)argv;
	return 0;
}

<==
[1/2] Compiling [32mbuild/.conf_check_84066cdd0f7b884396e3db19b8173df5/test.cpp[0m

['/usr/bin/clang++', '-std=c++0x', '-std=c++11', '-O0', '-ggdb', '-g3', '-Wall', '-Wno-error=deprecated-declarations', '-fstrict-aliasing', '-Wstrict-aliasing', '-Wno-unused-local-typedefs', '-Wno-potentially-evaluated-expression', '-std=c++11', '-DNS3_BUILD_PROFILE_DEBUG', '-DNS3_ASSERT_ENABLE', '-DNS3_LOG_ENABLE', '-DHAVE___UINT128_T=1', '-DINT64X64_USE_128=1', '-DHAVE_STDINT_H=1', '-DHAVE_INTTYPES_H=1', '../test.cpp', '-c', '-o', '/Users/srene/workspace/ndnSIM/build/.conf_check_84066cdd0f7b884396e3db19b8173df5/testbuild/test.cpp.1.o']
err: ../test.cpp:1:10: fatal error: 'sys/inttypes.h' file not found
#include <sys/inttypes.h>
         ^~~~~~~~~~~~~~~~
1 error generated.

from /Users/srene/workspace/ndnSIM/src/core: Test does not build: Traceback (most recent call last):
  File "/Users/srene/workspace/ndnSIM/.waf-1.8.19-b1fc8f7baef51bd2db4c2971909a568d/waflib/Configure.py", line 335, in run_build
    bld.compile()
  File "/Users/srene/workspace/ndnSIM/.waf-1.8.19-b1fc8f7baef51bd2db4c2971909a568d/waflib/Build.py", line 185, in compile
    raise Errors.BuildError(self.producer.error)
BuildError: Build failed
 -> task in 'testprog' failed (exit status 1): 
	{task 4340968208: cxx test.cpp -> test.cpp.1.o}
['/usr/bin/clang++', '-std=c++0x', '-std=c++11', '-O0', '-ggdb', '-g3', '-Wall', '-Wno-error=deprecated-declarations', '-fstrict-aliasing', '-Wstrict-aliasing', '-Wno-unused-local-typedefs', '-Wno-potentially-evaluated-expression', '-std=c++11', '-DNS3_BUILD_PROFILE_DEBUG', '-DNS3_ASSERT_ENABLE', '-DNS3_LOG_ENABLE', '-DHAVE___UINT128_T=1', '-DINT64X64_USE_128=1', '-DHAVE_STDINT_H=1', '-DHAVE_INTTYPES_H=1', '../test.cpp', '-c', '-o', '/Users/srene/workspace/ndnSIM/build/.conf_check_84066cdd0f7b884396e3db19b8173df5/testbuild/test.cpp.1.o']

not found
from /Users/srene/workspace/ndnSIM/src/core: The configuration failed
-----------------------------------------
Checking for header sys/types.h
==>
#include <sys/types.h>

int main(int argc, char **argv) {
	(void)argc; (void)argv;
	return 0;
}

<==
[1/2] Compiling [32mbuild/.conf_check_df81b5295c67c302cd3bda27e2689000/test.cpp[0m

['/usr/bin/clang++', '-std=c++0x', '-std=c++11', '-O0', '-ggdb', '-g3', '-Wall', '-Wno-error=deprecated-declarations', '-fstrict-aliasing', '-Wstrict-aliasing', '-Wno-unused-local-typedefs', '-Wno-potentially-evaluated-expression', '-std=c++11', '-DNS3_BUILD_PROFILE_DEBUG', '-DNS3_ASSERT_ENABLE', '-DNS3_LOG_ENABLE', '-DHAVE___UINT128_T=1', '-DINT64X64_USE_128=1', '-DHAVE_STDINT_H=1', '-DHAVE_INTTYPES_H=1', '../test.cpp', '-c', '-o', '/Users/srene/workspace/ndnSIM/build/.conf_check_df81b5295c67c302cd3bda27e2689000/testbuild/test.cpp.1.o']
[2/2] Linking [33mbuild/.conf_check_df81b5295c67c302cd3bda27e2689000/testbuild/testprog[0m

['/usr/bin/clang++', 'test.cpp.1.o', '-o', '/Users/srene/workspace/ndnSIM/build/.conf_check_df81b5295c67c302cd3bda27e2689000/testbuild/testprog']
yes
-----------------------------------------
Checking for header sys/stat.h
==>
#include <sys/stat.h>

int main(int argc, char **argv) {
	(void)argc; (void)argv;
	return 0;
}

<==
[1/2] Compiling [32mbuild/.conf_check_55139fa6bf02816a30e71920559f0ebe/test.cpp[0m

['/usr/bin/clang++', '-std=c++0x', '-std=c++11', '-O0', '-ggdb', '-g3', '-Wall', '-Wno-error=deprecated-declarations', '-fstrict-aliasing', '-Wstrict-aliasing', '-Wno-unused-local-typedefs', '-Wno-potentially-evaluated-expression', '-std=c++11', '-DNS3_BUILD_PROFILE_DEBUG', '-DNS3_ASSERT_ENABLE', '-DNS3_LOG_ENABLE', '-DHAVE___UINT128_T=1', '-DINT64X64_USE_128=1', '-DHAVE_STDINT_H=1', '-DHAVE_INTTYPES_H=1', '-DHAVE_SYS_TYPES_H=1', '../test.cpp', '-c', '-o', '/Users/srene/workspace/ndnSIM/build/.conf_check_55139fa6bf02816a30e71920559f0ebe/testbuild/test.cpp.1.o']
[2/2] Linking [33mbuild/.conf_check_55139fa6bf02816a30e71920559f0ebe/testbuild/testprog[0m

['/usr/bin/clang++', 'test.cpp.1.o', '-o', '/Users/srene/workspace/ndnSIM/build/.conf_check_55139fa6bf02816a30e71920559f0ebe/testbuild/testprog']
yes
-----------------------------------------
Checking for header dirent.h
==>
#include <dirent.h>

int main(int argc, char **argv) {
	(void)argc; (void)argv;
	return 0;
}

<==
[1/2] Compiling [32mbuild/.conf_check_a7b14efb91e43caaa0bd9cbd214a753f/test.cpp[0m

['/usr/bin/clang++', '-std=c++0x', '-std=c++11', '-O0', '-ggdb', '-g3', '-Wall', '-Wno-error=deprecated-declarations', '-fstrict-aliasing', '-Wstrict-aliasing', '-Wno-unused-local-typedefs', '-Wno-potentially-evaluated-expression', '-std=c++11', '-DNS3_BUILD_PROFILE_DEBUG', '-DNS3_ASSERT_ENABLE', '-DNS3_LOG_ENABLE', '-DHAVE___UINT128_T=1', '-DINT64X64_USE_128=1', '-DHAVE_STDINT_H=1', '-DHAVE_INTTYPES_H=1', '-DHAVE_SYS_TYPES_H=1', '-DHAVE_SYS_STAT_H=1', '../test.cpp', '-c', '-o', '/Users/srene/workspace/ndnSIM/build/.conf_check_a7b14efb91e43caaa0bd9cbd214a753f/testbuild/test.cpp.1.o']
[2/2] Linking [33mbuild/.conf_check_a7b14efb91e43caaa0bd9cbd214a753f/testbuild/testprog[0m

['/usr/bin/clang++', 'test.cpp.1.o', '-o', '/Users/srene/workspace/ndnSIM/build/.conf_check_a7b14efb91e43caaa0bd9cbd214a753f/testbuild/testprog']
yes
-----------------------------------------
Checking for header stdlib.h
==>
#include <stdlib.h>

int main(int argc, char **argv) {
	(void)argc; (void)argv;
	return 0;
}

<==
[1/2] Compiling [32mbuild/.conf_check_18c6fb68fc1a803e51b8ff4908bca626/test.cpp[0m

['/usr/bin/clang++', '-std=c++0x', '-std=c++11', '-O0', '-ggdb', '-g3', '-Wall', '-Wno-error=deprecated-declarations', '-fstrict-aliasing', '-Wstrict-aliasing', '-Wno-unused-local-typedefs', '-Wno-potentially-evaluated-expression', '-std=c++11', '-DNS3_BUILD_PROFILE_DEBUG', '-DNS3_ASSERT_ENABLE', '-DNS3_LOG_ENABLE', '-DHAVE___UINT128_T=1', '-DINT64X64_USE_128=1', '-DHAVE_STDINT_H=1', '-DHAVE_INTTYPES_H=1', '-DHAVE_SYS_TYPES_H=1', '-DHAVE_SYS_STAT_H=1', '-DHAVE_DIRENT_H=1', '../test.cpp', '-c', '-o', '/Users/srene/workspace/ndnSIM/build/.conf_check_18c6fb68fc1a803e51b8ff4908bca626/testbuild/test.cpp.1.o']
[2/2] Linking [33mbuild/.conf_check_18c6fb68fc1a803e51b8ff4908bca626/testbuild/testprog[0m

['/usr/bin/clang++', 'test.cpp.1.o', '-o', '/Users/srene/workspace/ndnSIM/build/.conf_check_18c6fb68fc1a803e51b8ff4908bca626/testbuild/testprog']
yes
-----------------------------------------
Checking for header signal.h
==>
#include <signal.h>

int main(int argc, char **argv) {
	(void)argc; (void)argv;
	return 0;
}

<==
[1/2] Compiling [32mbuild/.conf_check_9937f30766fb504a4a7853902ed98ae3/test.cpp[0m

['/usr/bin/clang++', '-std=c++0x', '-std=c++11', '-O0', '-ggdb', '-g3', '-Wall', '-Wno-error=deprecated-declarations', '-fstrict-aliasing', '-Wstrict-aliasing', '-Wno-unused-local-typedefs', '-Wno-potentially-evaluated-expression', '-std=c++11', '-DNS3_BUILD_PROFILE_DEBUG', '-DNS3_ASSERT_ENABLE', '-DNS3_LOG_ENABLE', '-DHAVE___UINT128_T=1', '-DINT64X64_USE_128=1', '-DHAVE_STDINT_H=1', '-DHAVE_INTTYPES_H=1', '-DHAVE_SYS_TYPES_H=1', '-DHAVE_SYS_STAT_H=1', '-DHAVE_DIRENT_H=1', '-DHAVE_STDLIB_H=1', '-DHAVE_GETENV=1', '../test.cpp', '-c', '-o', '/Users/srene/workspace/ndnSIM/build/.conf_check_9937f30766fb504a4a7853902ed98ae3/testbuild/test.cpp.1.o']
[2/2] Linking [33mbuild/.conf_check_9937f30766fb504a4a7853902ed98ae3/testbuild/testprog[0m

['/usr/bin/clang++', 'test.cpp.1.o', '-o', '/Users/srene/workspace/ndnSIM/build/.conf_check_9937f30766fb504a4a7853902ed98ae3/testbuild/testprog']
yes
-----------------------------------------
Checking for header pthread.h
==>

#include <pthread.h>
int main ()
{
   pthread_mutex_t m;
   pthread_mutex_init (&m, NULL);
   return 0;
}

<==
[1/2] Compiling [32mbuild/.conf_check_994506ec6a36044cda3edee5ca14a09f/test.cpp[0m

['/usr/bin/clang++', '-std=c++0x', '-std=c++11', '-O0', '-ggdb', '-g3', '-Wall', '-Wno-error=deprecated-declarations', '-fstrict-aliasing', '-Wstrict-aliasing', '-Wno-unused-local-typedefs', '-Wno-potentially-evaluated-expression', '-std=c++11', '-DNS3_BUILD_PROFILE_DEBUG', '-DNS3_ASSERT_ENABLE', '-DNS3_LOG_ENABLE', '-DHAVE___UINT128_T=1', '-DINT64X64_USE_128=1', '-DHAVE_STDINT_H=1', '-DHAVE_INTTYPES_H=1', '-DHAVE_SYS_TYPES_H=1', '-DHAVE_SYS_STAT_H=1', '-DHAVE_DIRENT_H=1', '-DHAVE_STDLIB_H=1', '-DHAVE_GETENV=1', '-DHAVE_SIGNAL_H=1', '../test.cpp', '-c', '-o', '/Users/srene/workspace/ndnSIM/build/.conf_check_994506ec6a36044cda3edee5ca14a09f/testbuild/test.cpp.1.o']
[2/2] Linking [33mbuild/.conf_check_994506ec6a36044cda3edee5ca14a09f/testbuild/testprog[0m

['/usr/bin/clang++', 'test.cpp.1.o', '-o', '/Users/srene/workspace/ndnSIM/build/.conf_check_994506ec6a36044cda3edee5ca14a09f/testbuild/testprog']
yes
-----------------------------------------
Checking for header stdint.h
==>
#include <stdint.h>

int main(int argc, char **argv) {
	(void)argc; (void)argv;
	return 0;
}

<==
[1/2] Compiling [32mbuild/.conf_check_7b30e52685a107d48949f98835c9ab41/test.cpp[0m

['/usr/bin/clang++', '-std=c++0x', '-std=c++11', '-O0', '-ggdb', '-g3', '-Wall', '-Wno-error=deprecated-declarations', '-fstrict-aliasing', '-Wstrict-aliasing', '-Wno-unused-local-typedefs', '-Wno-potentially-evaluated-expression', '-std=c++11', '-DNS3_BUILD_PROFILE_DEBUG', '-DNS3_ASSERT_ENABLE', '-DNS3_LOG_ENABLE', '-DHAVE___UINT128_T=1', '-DINT64X64_USE_128=1', '-DHAVE_INTTYPES_H=1', '-DHAVE_SYS_TYPES_H=1', '-DHAVE_SYS_STAT_H=1', '-DHAVE_DIRENT_H=1', '-DHAVE_STDLIB_H=1', '-DHAVE_GETENV=1', '-DHAVE_SIGNAL_H=1', '-DHAVE_PTHREAD_H=1', '../test.cpp', '-c', '-o', '/Users/srene/workspace/ndnSIM/build/.conf_check_7b30e52685a107d48949f98835c9ab41/testbuild/test.cpp.1.o']
[2/2] Linking [33mbuild/.conf_check_7b30e52685a107d48949f98835c9ab41/testbuild/testprog[0m

['/usr/bin/clang++', 'test.cpp.1.o', '-o', '/Users/srene/workspace/ndnSIM/build/.conf_check_7b30e52685a107d48949f98835c9ab41/testbuild/testprog']
yes
-----------------------------------------
Checking for header inttypes.h
==>
#include <inttypes.h>

int main(int argc, char **argv) {
	(void)argc; (void)argv;
	return 0;
}

<==
[1/2] Compiling [32mbuild/.conf_check_cfe0f0a53dbb339e4b20648e03b92780/test.cpp[0m

['/usr/bin/clang++', '-std=c++0x', '-std=c++11', '-O0', '-ggdb', '-g3', '-Wall', '-Wno-error=deprecated-declarations', '-fstrict-aliasing', '-Wstrict-aliasing', '-Wno-unused-local-typedefs', '-Wno-potentially-evaluated-expression', '-std=c++11', '-DNS3_BUILD_PROFILE_DEBUG', '-DNS3_ASSERT_ENABLE', '-DNS3_LOG_ENABLE', '-DHAVE___UINT128_T=1', '-DINT64X64_USE_128=1', '-DHAVE_SYS_TYPES_H=1', '-DHAVE_SYS_STAT_H=1', '-DHAVE_DIRENT_H=1', '-DHAVE_STDLIB_H=1', '-DHAVE_GETENV=1', '-DHAVE_SIGNAL_H=1', '-DHAVE_PTHREAD_H=1', '-DHAVE_STDINT_H=1', '../test.cpp', '-c', '-o', '/Users/srene/workspace/ndnSIM/build/.conf_check_cfe0f0a53dbb339e4b20648e03b92780/testbuild/test.cpp.1.o']
[2/2] Linking [33mbuild/.conf_check_cfe0f0a53dbb339e4b20648e03b92780/testbuild/testprog[0m

['/usr/bin/clang++', 'test.cpp.1.o', '-o', '/Users/srene/workspace/ndnSIM/build/.conf_check_cfe0f0a53dbb339e4b20648e03b92780/testbuild/testprog']
yes
-----------------------------------------
Checking for header sys/inttypes.h
==>
#include <sys/inttypes.h>

int main(int argc, char **argv) {
	(void)argc; (void)argv;
	return 0;
}

<==
[1/2] Compiling [32mbuild/.conf_check_84066cdd0f7b884396e3db19b8173df5/test.cpp[0m

['/usr/bin/clang++', '-std=c++0x', '-std=c++11', '-O0', '-ggdb', '-g3', '-Wall', '-Wno-error=deprecated-declarations', '-fstrict-aliasing', '-Wstrict-aliasing', '-Wno-unused-local-typedefs', '-Wno-potentially-evaluated-expression', '-std=c++11', '-DNS3_BUILD_PROFILE_DEBUG', '-DNS3_ASSERT_ENABLE', '-DNS3_LOG_ENABLE', '-DHAVE___UINT128_T=1', '-DINT64X64_USE_128=1', '-DHAVE_SYS_TYPES_H=1', '-DHAVE_SYS_STAT_H=1', '-DHAVE_DIRENT_H=1', '-DHAVE_STDLIB_H=1', '-DHAVE_GETENV=1', '-DHAVE_SIGNAL_H=1', '-DHAVE_PTHREAD_H=1', '-DHAVE_STDINT_H=1', '-DHAVE_INTTYPES_H=1', '../test.cpp', '-c', '-o', '/Users/srene/workspace/ndnSIM/build/.conf_check_84066cdd0f7b884396e3db19b8173df5/testbuild/test.cpp.1.o']
err: ../test.cpp:1:10: fatal error: 'sys/inttypes.h' file not found
#include <sys/inttypes.h>
         ^~~~~~~~~~~~~~~~
1 error generated.

from /Users/srene/workspace/ndnSIM/src/core: Test does not build: Traceback (most recent call last):
  File "/Users/srene/workspace/ndnSIM/.waf-1.8.19-b1fc8f7baef51bd2db4c2971909a568d/waflib/Configure.py", line 335, in run_build
    bld.compile()
  File "/Users/srene/workspace/ndnSIM/.waf-1.8.19-b1fc8f7baef51bd2db4c2971909a568d/waflib/Build.py", line 185, in compile
    raise Errors.BuildError(self.producer.error)
BuildError: Build failed
 -> task in 'testprog' failed (exit status 1): 
	{task 4340919440: cxx test.cpp -> test.cpp.1.o}
['/usr/bin/clang++', '-std=c++0x', '-std=c++11', '-O0', '-ggdb', '-g3', '-Wall', '-Wno-error=deprecated-declarations', '-fstrict-aliasing', '-Wstrict-aliasing', '-Wno-unused-local-typedefs', '-Wno-potentially-evaluated-expression', '-std=c++11', '-DNS3_BUILD_PROFILE_DEBUG', '-DNS3_ASSERT_ENABLE', '-DNS3_LOG_ENABLE', '-DHAVE___UINT128_T=1', '-DINT64X64_USE_128=1', '-DHAVE_SYS_TYPES_H=1', '-DHAVE_SYS_STAT_H=1', '-DHAVE_DIRENT_H=1', '-DHAVE_STDLIB_H=1', '-DHAVE_GETENV=1', '-DHAVE_SIGNAL_H=1', '-DHAVE_PTHREAD_H=1', '-DHAVE_STDINT_H=1', '-DHAVE_INTTYPES_H=1', '../test.cpp', '-c', '-o', '/Users/srene/workspace/ndnSIM/build/.conf_check_84066cdd0f7b884396e3db19b8173df5/testbuild/test.cpp.1.o']

not found
from /Users/srene/workspace/ndnSIM/src/core: The configuration failed
-----------------------------------------
Checking for library rt
==>

int main(int argc, char **argv) {
	(void)argc; (void)argv;
	return 0;
}

<==
[1/2] Compiling [32mbuild/.conf_check_fff1d593b4ad644575a3c17cb910f839/test.cpp[0m

['/usr/bin/clang++', '-std=c++0x', '-std=c++11', '-O0', '-ggdb', '-g3', '-Wall', '-Wno-error=deprecated-declarations', '-fstrict-aliasing', '-Wstrict-aliasing', '-Wno-unused-local-typedefs', '-Wno-potentially-evaluated-expression', '-std=c++11', '-DNS3_BUILD_PROFILE_DEBUG', '-DNS3_ASSERT_ENABLE', '-DNS3_LOG_ENABLE', '-DHAVE___UINT128_T=1', '-DINT64X64_USE_128=1', '-DHAVE_SYS_TYPES_H=1', '-DHAVE_SYS_STAT_H=1', '-DHAVE_DIRENT_H=1', '-DHAVE_STDLIB_H=1', '-DHAVE_GETENV=1', '-DHAVE_SIGNAL_H=1', '-DHAVE_PTHREAD_H=1', '-DHAVE_STDINT_H=1', '-DHAVE_INTTYPES_H=1', '../test.cpp', '-c', '-o', '/Users/srene/workspace/ndnSIM/build/.conf_check_fff1d593b4ad644575a3c17cb910f839/testbuild/test.cpp.1.o']
[2/2] Linking [33mbuild/.conf_check_fff1d593b4ad644575a3c17cb910f839/testbuild/testprog[0m

['/usr/bin/clang++', 'test.cpp.1.o', '-o', '/Users/srene/workspace/ndnSIM/build/.conf_check_fff1d593b4ad644575a3c17cb910f839/testbuild/testprog', '-lrt']
err: ld: library not found for -lrt
clang: error: linker command failed with exit code 1 (use -v to see invocation)

from /Users/srene/workspace/ndnSIM/src/core: Test does not build: Traceback (most recent call last):
  File "/Users/srene/workspace/ndnSIM/.waf-1.8.19-b1fc8f7baef51bd2db4c2971909a568d/waflib/Configure.py", line 335, in run_build
    bld.compile()
  File "/Users/srene/workspace/ndnSIM/.waf-1.8.19-b1fc8f7baef51bd2db4c2971909a568d/waflib/Build.py", line 185, in compile
    raise Errors.BuildError(self.producer.error)
BuildError: Build failed
 -> task in 'testprog' failed (exit status 1): 
	{task 4341041104: cxxprogram test.cpp.1.o -> testprog}
['/usr/bin/clang++', 'test.cpp.1.o', '-o', '/Users/srene/workspace/ndnSIM/build/.conf_check_fff1d593b4ad644575a3c17cb910f839/testbuild/testprog', '-lrt']

not found
from /Users/srene/workspace/ndnSIM/src/core: The configuration failed
-----------------------------------------
Checking for header sys/ioctl.h
==>
#include <sys/ioctl.h>

int main(int argc, char **argv) {
	(void)argc; (void)argv;
	return 0;
}

<==
[1/2] Compiling [32mbuild/.conf_check_7ecacacedb9b544e401811f037bf4eaa/test.cpp[0m

['/usr/bin/clang++', '-std=c++0x', '-std=c++11', '-O0', '-ggdb', '-g3', '-Wall', '-Wno-error=deprecated-declarations', '-fstrict-aliasing', '-Wstrict-aliasing', '-Wno-unused-local-typedefs', '-Wno-potentially-evaluated-expression', '-std=c++11', '-DNS3_BUILD_PROFILE_DEBUG', '-DNS3_ASSERT_ENABLE', '-DNS3_LOG_ENABLE', '../test.cpp', '-c', '-o', '/Users/srene/workspace/ndnSIM/build/.conf_check_7ecacacedb9b544e401811f037bf4eaa/testbuild/test.cpp.1.o']
[2/2] Linking [33mbuild/.conf_check_7ecacacedb9b544e401811f037bf4eaa/testbuild/testprog[0m

['/usr/bin/clang++', 'test.cpp.1.o', '-o', '/Users/srene/workspace/ndnSIM/build/.conf_check_7ecacacedb9b544e401811f037bf4eaa/testbuild/testprog']
yes
-----------------------------------------
Checking for header net/if.h
==>
#include <net/if.h>

int main(int argc, char **argv) {
	(void)argc; (void)argv;
	return 0;
}

<==
[1/2] Compiling [32mbuild/.conf_check_74a6cc7922465562c08b73a66163579d/test.cpp[0m

['/usr/bin/clang++', '-std=c++0x', '-std=c++11', '-O0', '-ggdb', '-g3', '-Wall', '-Wno-error=deprecated-declarations', '-fstrict-aliasing', '-Wstrict-aliasing', '-Wno-unused-local-typedefs', '-Wno-potentially-evaluated-expression', '-std=c++11', '-DNS3_BUILD_PROFILE_DEBUG', '-DNS3_ASSERT_ENABLE', '-DNS3_LOG_ENABLE', '-DHAVE_SYS_IOCTL_H=1', '../test.cpp', '-c', '-o', '/Users/srene/workspace/ndnSIM/build/.conf_check_74a6cc7922465562c08b73a66163579d/testbuild/test.cpp.1.o']
[2/2] Linking [33mbuild/.conf_check_74a6cc7922465562c08b73a66163579d/testbuild/testprog[0m

['/usr/bin/clang++', 'test.cpp.1.o', '-o', '/Users/srene/workspace/ndnSIM/build/.conf_check_74a6cc7922465562c08b73a66163579d/testbuild/testprog']
yes
-----------------------------------------
Checking for header net/ethernet.h
==>
#include <net/ethernet.h>

int main(int argc, char **argv) {
	(void)argc; (void)argv;
	return 0;
}

<==
[1/2] Compiling [32mbuild/.conf_check_64d928c64b96344f36663e9879950ea8/test.cpp[0m

['/usr/bin/clang++', '-std=c++0x', '-std=c++11', '-O0', '-ggdb', '-g3', '-Wall', '-Wno-error=deprecated-declarations', '-fstrict-aliasing', '-Wstrict-aliasing', '-Wno-unused-local-typedefs', '-Wno-potentially-evaluated-expression', '-std=c++11', '-DNS3_BUILD_PROFILE_DEBUG', '-DNS3_ASSERT_ENABLE', '-DNS3_LOG_ENABLE', '-DHAVE_SYS_IOCTL_H=1', '-DHAVE_IF_NETS_H=1', '../test.cpp', '-c', '-o', '/Users/srene/workspace/ndnSIM/build/.conf_check_64d928c64b96344f36663e9879950ea8/testbuild/test.cpp.1.o']
[2/2] Linking [33mbuild/.conf_check_64d928c64b96344f36663e9879950ea8/testbuild/testprog[0m

['/usr/bin/clang++', 'test.cpp.1.o', '-o', '/Users/srene/workspace/ndnSIM/build/.conf_check_64d928c64b96344f36663e9879950ea8/testbuild/testprog']
yes
-----------------------------------------
Checking for header linux/if_tun.h
==>
#include <linux/if_tun.h>

int main(int argc, char **argv) {
	(void)argc; (void)argv;
	return 0;
}

<==
[1/2] Compiling [32mbuild/.conf_check_a573326e76f5090b8ff045552e56a20e/test.cpp[0m

['/usr/bin/clang++', '-std=c++0x', '-std=c++11', '-O0', '-ggdb', '-g3', '-Wall', '-Wno-error=deprecated-declarations', '-fstrict-aliasing', '-Wstrict-aliasing', '-Wno-unused-local-typedefs', '-Wno-potentially-evaluated-expression', '-std=c++11', '-DNS3_BUILD_PROFILE_DEBUG', '-DNS3_ASSERT_ENABLE', '-DNS3_LOG_ENABLE', '-DHAVE_SYS_IOCTL_H=1', '-DHAVE_IF_NETS_H=1', '-DHAVE_NET_ETHERNET_H=1', '../test.cpp', '-c', '-o', '/Users/srene/workspace/ndnSIM/build/.conf_check_a573326e76f5090b8ff045552e56a20e/testbuild/test.cpp.1.o']
err: ../test.cpp:1:10: fatal error: 'linux/if_tun.h' file not found
#include <linux/if_tun.h>
         ^~~~~~~~~~~~~~~~
1 error generated.

from /Users/srene/workspace/ndnSIM/src/fd-net-device: Test does not build: Traceback (most recent call last):
  File "/Users/srene/workspace/ndnSIM/.waf-1.8.19-b1fc8f7baef51bd2db4c2971909a568d/waflib/Configure.py", line 335, in run_build
    bld.compile()
  File "/Users/srene/workspace/ndnSIM/.waf-1.8.19-b1fc8f7baef51bd2db4c2971909a568d/waflib/Build.py", line 185, in compile
    raise Errors.BuildError(self.producer.error)
BuildError: Build failed
 -> task in 'testprog' failed (exit status 1): 
	{task 4341042960: cxx test.cpp -> test.cpp.1.o}
['/usr/bin/clang++', '-std=c++0x', '-std=c++11', '-O0', '-ggdb', '-g3', '-Wall', '-Wno-error=deprecated-declarations', '-fstrict-aliasing', '-Wstrict-aliasing', '-Wno-unused-local-typedefs', '-Wno-potentially-evaluated-expression', '-std=c++11', '-DNS3_BUILD_PROFILE_DEBUG', '-DNS3_ASSERT_ENABLE', '-DNS3_LOG_ENABLE', '-DHAVE_SYS_IOCTL_H=1', '-DHAVE_IF_NETS_H=1', '-DHAVE_NET_ETHERNET_H=1', '../test.cpp', '-c', '-o', '/Users/srene/workspace/ndnSIM/build/.conf_check_a573326e76f5090b8ff045552e56a20e/testbuild/test.cpp.1.o']

not found
from /Users/srene/workspace/ndnSIM/src/fd-net-device: The configuration failed
-----------------------------------------
Checking for header netpacket/packet.h
==>
#include <netpacket/packet.h>

int main(int argc, char **argv) {
	(void)argc; (void)argv;
	return 0;
}

<==
[1/2] Compiling [32mbuild/.conf_check_fdcddf11e69ddbc132aae4046b81cd3f/test.cpp[0m

['/usr/bin/clang++', '-std=c++0x', '-std=c++11', '-O0', '-ggdb', '-g3', '-Wall', '-Wno-error=deprecated-declarations', '-fstrict-aliasing', '-Wstrict-aliasing', '-Wno-unused-local-typedefs', '-Wno-potentially-evaluated-expression', '-std=c++11', '-DNS3_BUILD_PROFILE_DEBUG', '-DNS3_ASSERT_ENABLE', '-DNS3_LOG_ENABLE', '-DHAVE_SYS_IOCTL_H=1', '-DHAVE_IF_NETS_H=1', '-DHAVE_NET_ETHERNET_H=1', '../test.cpp', '-c', '-o', '/Users/srene/workspace/ndnSIM/build/.conf_check_fdcddf11e69ddbc132aae4046b81cd3f/testbuild/test.cpp.1.o']
err: ../test.cpp:1:10: fatal error: 'netpacket/packet.h' file not found
#include <netpacket/packet.h>
         ^~~~~~~~~~~~~~~~~~~~
1 error generated.

from /Users/srene/workspace/ndnSIM/src/fd-net-device: Test does not build: Traceback (most recent call last):
  File "/Users/srene/workspace/ndnSIM/.waf-1.8.19-b1fc8f7baef51bd2db4c2971909a568d/waflib/Configure.py", line 335, in run_build
    bld.compile()
  File "/Users/srene/workspace/ndnSIM/.waf-1.8.19-b1fc8f7baef51bd2db4c2971909a568d/waflib/Build.py", line 185, in compile
    raise Errors.BuildError(self.producer.error)
BuildError: Build failed
 -> task in 'testprog' failed (exit status 1): 
	{task 4341039824: cxx test.cpp -> test.cpp.1.o}
['/usr/bin/clang++', '-std=c++0x', '-std=c++11', '-O0', '-ggdb', '-g3', '-Wall', '-Wno-error=deprecated-declarations', '-fstrict-aliasing', '-Wstrict-aliasing', '-Wno-unused-local-typedefs', '-Wno-potentially-evaluated-expression', '-std=c++11', '-DNS3_BUILD_PROFILE_DEBUG', '-DNS3_ASSERT_ENABLE', '-DNS3_LOG_ENABLE', '-DHAVE_SYS_IOCTL_H=1', '-DHAVE_IF_NETS_H=1', '-DHAVE_NET_ETHERNET_H=1', '../test.cpp', '-c', '-o', '/Users/srene/workspace/ndnSIM/build/.conf_check_fdcddf11e69ddbc132aae4046b81cd3f/testbuild/test.cpp.1.o']

not found
from /Users/srene/workspace/ndnSIM/src/fd-net-device: The configuration failed
-----------------------------------------
Checking for NSC location
not found
-----------------------------------------
Checking for program 'doxygen'
not found
find program=['doxygen'] paths=['/usr/local/bin', '/usr/bin', '/bin', '/usr/sbin', '/sbin', '/Applications/VMware Fusion.app/Contents/Public', '/Users/srene/Library/Android/sdk/platform-tools/'] var='DOXYGEN' -> None
from /Users/srene/workspace/ndnSIM/src/ndnSIM: Could not find the program ['doxygen']
-----------------------------------------
Checking for program 'tar'
/usr/bin/tar
find program=['tar'] paths=['/usr/local/bin', '/usr/bin', '/bin', '/usr/sbin', '/sbin', '/Applications/VMware Fusion.app/Contents/Public', '/Users/srene/Library/Android/sdk/platform-tools/'] var='TAR' -> ['/usr/bin/tar']
-----------------------------------------
Checking for program 'sphinx-build'
not found
find program=['sphinx-build'] paths=['/usr/local/bin', '/usr/bin', '/bin', '/usr/sbin', '/sbin', '/Applications/VMware Fusion.app/Contents/Public', '/Users/srene/Library/Android/sdk/platform-tools/'] var='SPHINX_BUILD' -> None
from /Users/srene/workspace/ndnSIM/src/ndnSIM: Could not find the program ['sphinx-build']
------------------------------------------
Checking for std::is_default_constructible
==>
#include <type_traits>
static_assert(std::is_default_constructible<int>::value, "");
<==
[1/1] Compiling [32mbuild/.conf_check_fa0e79f654206c7f8985a03710bb70b7/test.cpp[0m

['/usr/bin/clang++', '-std=c++0x', '-std=c++11', '-O0', '-ggdb', '-g3', '-Wall', '-Wno-error=deprecated-declarations', '-fstrict-aliasing', '-Wstrict-aliasing', '-Wno-unused-local-typedefs', '-Wno-potentially-evaluated-expression', '-std=c++11', '-DNS3_BUILD_PROFILE_DEBUG', '-DNS3_ASSERT_ENABLE', '-DNS3_LOG_ENABLE', '-DHAVE_SYS_IOCTL_H=1', '-DHAVE_IF_NETS_H=1', '-DHAVE_NET_ETHERNET_H=1', '../test.cpp', '-c', '-o', '/Users/srene/workspace/ndnSIM/build/.conf_check_fa0e79f654206c7f8985a03710bb70b7/testbuild/test.cpp.1.o']
yes
-----------------------------------------------
Checking for std::is_nothrow_move_constructible
==>
#include <type_traits>
static_assert(std::is_nothrow_move_constructible<int>::value, "");
<==
[1/1] Compiling [32mbuild/.conf_check_447b6d6c9ec6c9c56c7edb10d49dc074/test.cpp[0m

['/usr/bin/clang++', '-std=c++0x', '-std=c++11', '-O0', '-ggdb', '-g3', '-Wall', '-Wno-error=deprecated-declarations', '-fstrict-aliasing', '-Wstrict-aliasing', '-Wno-unused-local-typedefs', '-Wno-potentially-evaluated-expression', '-std=c++11', '-DNS3_BUILD_PROFILE_DEBUG', '-DNS3_ASSERT_ENABLE', '-DNS3_LOG_ENABLE', '-DHAVE_SYS_IOCTL_H=1', '-DHAVE_IF_NETS_H=1', '-DHAVE_NET_ETHERNET_H=1', '-DHAVE_IS_DEFAULT_CONSTRUCTIBLE=1', '../test.cpp', '-c', '-o', '/Users/srene/workspace/ndnSIM/build/.conf_check_447b6d6c9ec6c9c56c7edb10d49dc074/testbuild/test.cpp.1.o']
yes
-----------------------------------------------
Checking for std::is_nothrow_move_assignable
==>
#include <type_traits>
static_assert(std::is_nothrow_move_assignable<int>::value, "");
<==
[1/1] Compiling [32mbuild/.conf_check_46e984e61b002b72a47874f84759c4bd/test.cpp[0m

['/usr/bin/clang++', '-std=c++0x', '-std=c++11', '-O0', '-ggdb', '-g3', '-Wall', '-Wno-error=deprecated-declarations', '-fstrict-aliasing', '-Wstrict-aliasing', '-Wno-unused-local-typedefs', '-Wno-potentially-evaluated-expression', '-std=c++11', '-DNS3_BUILD_PROFILE_DEBUG', '-DNS3_ASSERT_ENABLE', '-DNS3_LOG_ENABLE', '-DHAVE_SYS_IOCTL_H=1', '-DHAVE_IF_NETS_H=1', '-DHAVE_NET_ETHERNET_H=1', '-DHAVE_IS_DEFAULT_CONSTRUCTIBLE=1', '-DHAVE_IS_NOTHROW_MOVE_CONSTRUCTIBLE=1', '../test.cpp', '-c', '-o', '/Users/srene/workspace/ndnSIM/build/.conf_check_46e984e61b002b72a47874f84759c4bd/testbuild/test.cpp.1.o']
yes
-----------------------------------------------
Checking for std::to_string
==>

#include <string>
int
main()
{
  std::string s = std::to_string(0);
  s = std::to_string(0l);
  s = std::to_string(0ll);
  s = std::to_string(0u);
  s = std::to_string(0ul);
  s = std::to_string(0ull);
  s = std::to_string(0.0f);
  s = std::to_string(0.0);
  s = std::to_string(0.0l);
  s.clear();
}

<==
[1/1] Compiling [32mbuild/.conf_check_b10e2714c18ae0506cebb4e663172944/test.cpp[0m

['/usr/bin/clang++', '-std=c++0x', '-std=c++11', '-O0', '-ggdb', '-g3', '-Wall', '-Wno-error=deprecated-declarations', '-fstrict-aliasing', '-Wstrict-aliasing', '-Wno-unused-local-typedefs', '-Wno-potentially-evaluated-expression', '-std=c++11', '-DNS3_BUILD_PROFILE_DEBUG', '-DNS3_ASSERT_ENABLE', '-DNS3_LOG_ENABLE', '-DHAVE_SYS_IOCTL_H=1', '-DHAVE_IF_NETS_H=1', '-DHAVE_NET_ETHERNET_H=1', '-DHAVE_IS_DEFAULT_CONSTRUCTIBLE=1', '-DHAVE_IS_NOTHROW_MOVE_CONSTRUCTIBLE=1', '-DHAVE_IS_NOTHROW_MOVE_ASSIGNABLE=1', '../test.cpp', '-c', '-o', '/Users/srene/workspace/ndnSIM/build/.conf_check_b10e2714c18ae0506cebb4e663172944/testbuild/test.cpp.1.o']
yes
----------------------------------------------------
Checking for std::vector::insert with const_iterator
==>

#include <vector>
int
main()
{
  std::vector<int> v;
  std::vector<int>::const_iterator it = v.cbegin();

  v.insert(it, 2);
  it = v.cend() - 1;
  v.erase(it);
}

<==
[1/1] Compiling [32mbuild/.conf_check_912717e7a5680e1d2e0a7caeec84a6d1/test.cpp[0m

['/usr/bin/clang++', '-std=c++0x', '-std=c++11', '-O0', '-ggdb', '-g3', '-Wall', '-Wno-error=deprecated-declarations', '-fstrict-aliasing', '-Wstrict-aliasing', '-Wno-unused-local-typedefs', '-Wno-potentially-evaluated-expression', '-std=c++11', '-DNS3_BUILD_PROFILE_DEBUG', '-DNS3_ASSERT_ENABLE', '-DNS3_LOG_ENABLE', '-DHAVE_SYS_IOCTL_H=1', '-DHAVE_IF_NETS_H=1', '-DHAVE_NET_ETHERNET_H=1', '-DHAVE_IS_DEFAULT_CONSTRUCTIBLE=1', '-DHAVE_IS_NOTHROW_MOVE_CONSTRUCTIBLE=1', '-DHAVE_IS_NOTHROW_MOVE_ASSIGNABLE=1', '-DHAVE_STD_TO_STRING=1', '../test.cpp', '-c', '-o', '/Users/srene/workspace/ndnSIM/build/.conf_check_912717e7a5680e1d2e0a7caeec84a6d1/testbuild/test.cpp.1.o']
yes
----------------------------------------------------
Checking for library pthread
==>

int main(int argc, char **argv) {
	(void)argc; (void)argv;
	return 0;
}

<==
[1/2] Compiling [32mbuild/.conf_check_151ce9ba75352c65152375175b67593e/test.cpp[0m

['/usr/bin/clang++', '-std=c++0x', '-std=c++11', '-O0', '-ggdb', '-g3', '-Wall', '-Wno-error=deprecated-declarations', '-fstrict-aliasing', '-Wstrict-aliasing', '-Wno-unused-local-typedefs', '-Wno-potentially-evaluated-expression', '-std=c++11', '-DNS3_BUILD_PROFILE_DEBUG', '-DNS3_ASSERT_ENABLE', '-DNS3_LOG_ENABLE', '-DHAVE_SYS_IOCTL_H=1', '-DHAVE_IF_NETS_H=1', '-DHAVE_NET_ETHERNET_H=1', '-DHAVE_IS_DEFAULT_CONSTRUCTIBLE=1', '-DHAVE_IS_NOTHROW_MOVE_CONSTRUCTIBLE=1', '-DHAVE_IS_NOTHROW_MOVE_ASSIGNABLE=1', '-DHAVE_STD_TO_STRING=1', '-DHAVE_VECTOR_INSERT_ERASE_CONST_ITERATOR=1', '../test.cpp', '-c', '-o', '/Users/srene/workspace/ndnSIM/build/.conf_check_151ce9ba75352c65152375175b67593e/testbuild/test.cpp.1.o']
[2/2] Linking [33mbuild/.conf_check_151ce9ba75352c65152375175b67593e/testbuild/testprog[0m

['/usr/bin/clang++', 'test.cpp.1.o', '-o', '/Users/srene/workspace/ndnSIM/build/.conf_check_151ce9ba75352c65152375175b67593e/testbuild/testprog', '-lpthread']
yes
----------------------------------------------------
Checking for 'sqlite3'
['/usr/local/bin/pkg-config', '--cflags', '--libs', 'sqlite3']
out: -lsqlite3

yes
----------------------------------------------------
Checking for OpenSSL lib
"OpenSSL 1.0.2n-fips  7 Dec 2017"
----------------------------------------------------
Checking if OpenSSL library works
==>

int main(int argc, char **argv) {
	(void)argc; (void)argv;
	return 0;
}

<==
[1/2] Compiling [32mbuild/.conf_check_622eb4d47906857392c8483cac7ea91e/test.cpp[0m

['/usr/bin/clang++', '-std=c++0x', '-std=c++11', '-O0', '-ggdb', '-g3', '-Wall', '-Wno-error=deprecated-declarations', '-fstrict-aliasing', '-Wstrict-aliasing', '-Wno-unused-local-typedefs', '-Wno-potentially-evaluated-expression', '-std=c++11', '-I/usr/local/opt/openssl/include', '-DNS3_BUILD_PROFILE_DEBUG', '-DNS3_ASSERT_ENABLE', '-DNS3_LOG_ENABLE', '-DHAVE_SYS_IOCTL_H=1', '-DHAVE_IF_NETS_H=1', '-DHAVE_NET_ETHERNET_H=1', '-DHAVE_IS_DEFAULT_CONSTRUCTIBLE=1', '-DHAVE_IS_NOTHROW_MOVE_CONSTRUCTIBLE=1', '-DHAVE_IS_NOTHROW_MOVE_ASSIGNABLE=1', '-DHAVE_STD_TO_STRING=1', '-DHAVE_VECTOR_INSERT_ERASE_CONST_ITERATOR=1', '-DHAVE_PTHREAD=1', '-DHAVE_SQLITE3=1', '../test.cpp', '-c', '-o', '/Users/srene/workspace/ndnSIM/build/.conf_check_622eb4d47906857392c8483cac7ea91e/testbuild/test.cpp.1.o']
[2/2] Linking [33mbuild/.conf_check_622eb4d47906857392c8483cac7ea91e/testbuild/testprog[0m

['/usr/bin/clang++', 'test.cpp.1.o', '-o', '/Users/srene/workspace/ndnSIM/build/.conf_check_622eb4d47906857392c8483cac7ea91e/testbuild/testprog', '-L/usr/local/opt/openssl/lib', '-lssl', '-lcrypto']
yes
----------------------------------------------------
Checking for OpenFlow location
not found
----------------------------------------------------
Checking for 'sqlite3'
['/usr/local/bin/pkg-config', '--cflags', '--libs', 'sqlite3']
out: -lsqlite3

yes
----------------------------------------------------
Checking for header linux/if_tun.h
==>
#include <linux/if_tun.h>

int main(int argc, char **argv) {
	(void)argc; (void)argv;
	return 0;
}

<==
[1/2] Compiling [32mbuild/.conf_check_a573326e76f5090b8ff045552e56a20e/test.cpp[0m

['/usr/bin/clang++', '-std=c++0x', '-std=c++11', '-O0', '-ggdb', '-g3', '-Wall', '-Wno-error=deprecated-declarations', '-fstrict-aliasing', '-Wstrict-aliasing', '-Wno-unused-local-typedefs', '-Wno-potentially-evaluated-expression', '-std=c++11', '-DNS3_BUILD_PROFILE_DEBUG', '-DNS3_ASSERT_ENABLE', '-DNS3_LOG_ENABLE', '-DHAVE_SYS_IOCTL_H=1', '-DHAVE_IF_NETS_H=1', '-DHAVE_NET_ETHERNET_H=1', '-DHAVE_IS_DEFAULT_CONSTRUCTIBLE=1', '-DHAVE_IS_NOTHROW_MOVE_CONSTRUCTIBLE=1', '-DHAVE_IS_NOTHROW_MOVE_ASSIGNABLE=1', '-DHAVE_STD_TO_STRING=1', '-DHAVE_VECTOR_INSERT_ERASE_CONST_ITERATOR=1', '-DHAVE_PTHREAD=1', '-DHAVE_SQLITE3=1', '-DHAVE_OPENSSL=1', '../test.cpp', '-c', '-o', '/Users/srene/workspace/ndnSIM/build/.conf_check_a573326e76f5090b8ff045552e56a20e/testbuild/test.cpp.1.o']
err: ../test.cpp:1:10: fatal error: 'linux/if_tun.h' file not found
#include <linux/if_tun.h>
         ^~~~~~~~~~~~~~~~
1 error generated.

from /Users/srene/workspace/ndnSIM/src/tap-bridge: Test does not build: Traceback (most recent call last):
  File "/Users/srene/workspace/ndnSIM/.waf-1.8.19-b1fc8f7baef51bd2db4c2971909a568d/waflib/Configure.py", line 335, in run_build
    bld.compile()
  File "/Users/srene/workspace/ndnSIM/.waf-1.8.19-b1fc8f7baef51bd2db4c2971909a568d/waflib/Build.py", line 185, in compile
    raise Errors.BuildError(self.producer.error)
BuildError: Build failed
 -> task in 'testprog' failed (exit status 1): 
	{task 4340968016: cxx test.cpp -> test.cpp.1.o}
['/usr/bin/clang++', '-std=c++0x', '-std=c++11', '-O0', '-ggdb', '-g3', '-Wall', '-Wno-error=deprecated-declarations', '-fstrict-aliasing', '-Wstrict-aliasing', '-Wno-unused-local-typedefs', '-Wno-potentially-evaluated-expression', '-std=c++11', '-DNS3_BUILD_PROFILE_DEBUG', '-DNS3_ASSERT_ENABLE', '-DNS3_LOG_ENABLE', '-DHAVE_SYS_IOCTL_H=1', '-DHAVE_IF_NETS_H=1', '-DHAVE_NET_ETHERNET_H=1', '-DHAVE_IS_DEFAULT_CONSTRUCTIBLE=1', '-DHAVE_IS_NOTHROW_MOVE_CONSTRUCTIBLE=1', '-DHAVE_IS_NOTHROW_MOVE_ASSIGNABLE=1', '-DHAVE_STD_TO_STRING=1', '-DHAVE_VECTOR_INSERT_ERASE_CONST_ITERATOR=1', '-DHAVE_PTHREAD=1', '-DHAVE_SQLITE3=1', '-DHAVE_OPENSSL=1', '../test.cpp', '-c', '-o', '/Users/srene/workspace/ndnSIM/build/.conf_check_a573326e76f5090b8ff045552e56a20e/testbuild/test.cpp.1.o']

not found
from /Users/srene/workspace/ndnSIM/src/tap-bridge: The configuration failed
(tool boost is already loaded, skipping)
----------------------------------------------------
Checking boost includes
1_65_1
----------------------------------------------------
Checking for program 'sudo'
/usr/bin/sudo
find program=['sudo'] paths=['/usr/local/bin', '/usr/bin', '/bin', '/usr/sbin', '/sbin', '/Applications/VMware Fusion.app/Contents/Public', '/Users/srene/Library/Android/sdk/platform-tools/'] var='SUDO' -> ['/usr/bin/sudo']
----------------------------------------------------
Checking for program 'valgrind'
not found
find program=['valgrind'] paths=['/usr/local/bin', '/usr/bin', '/bin', '/usr/sbin', '/sbin', '/Applications/VMware Fusion.app/Contents/Public', '/Users/srene/Library/Android/sdk/platform-tools/'] var='VALGRIND' -> None
from /Users/srene/workspace/ndnSIM: Could not find the program ['valgrind']
----------------------------------------------------
Checking for 'gsl'
['/usr/local/bin/pkg-config', '--cflags', '--libs', 'gsl']
err: Package gsl was not found in the pkg-config search path.
Perhaps you should add the directory containing `gsl.pc'
to the PKG_CONFIG_PATH environment variable
No package 'gsl' found

not found
from /Users/srene/workspace/ndnSIM: The configuration failed
----------------------------------------------------
python-config
not found
find program=['libgcrypt-config'] paths=['/usr/local/bin', '/usr/bin', '/bin', '/usr/sbin', '/sbin', '/Applications/VMware Fusion.app/Contents/Public', '/Users/srene/Library/Android/sdk/platform-tools/'] var='LIBGCRYPT_CONFIG' -> None
from /Users/srene/workspace/ndnSIM: Could not find the program ['libgcrypt-config']
----------------------------------------------------
Checking for program 'doxygen'
not found
find program=['doxygen'] paths=['/usr/local/bin', '/usr/bin', '/bin', '/usr/sbin', '/sbin', '/Applications/VMware Fusion.app/Contents/Public', '/Users/srene/Library/Android/sdk/platform-tools/'] var='DOXYGEN' -> None
from /Users/srene/workspace/ndnSIM: Could not find the program ['doxygen']
